TN:
SF:src\analyze.ts
FN:8,getProjectName
FN:29,getKeyFiles
FN:41,(anonymous_2)
FN:42,(anonymous_3)
FN:43,(anonymous_4)
FN:46,getAllDependencies
FN:64,(anonymous_6)
FN:74,(anonymous_7)
FN:83,hasManifest
FN:97,(anonymous_9)
FN:104,parsePnpmWorkspaceYaml
FN:135,addWorkspaceChildren
FN:146,discoverPackageRoots
FN:227,mergeLanguages
FN:239,(anonymous_14)
FN:241,(anonymous_15)
FN:247,(anonymous_16)
FN:250,mergeFrameworks
FN:266,mergeDependencies
FN:275,detectBuildCommands
FN:351,(anonymous_20)
FN:390,analyze
FN:393,(anonymous_22)
FNF:23
FNH:21
FNDA:78,getProjectName
FNDA:78,getKeyFiles
FNDA:1872,(anonymous_2)
FNDA:1872,(anonymous_3)
FNDA:94,(anonymous_4)
FNDA:43,getAllDependencies
FNDA:24,(anonymous_6)
FNDA:0,(anonymous_7)
FNDA:53,hasManifest
FNDA:167,(anonymous_9)
FNDA:1,parsePnpmWorkspaceYaml
FNDA:112,addWorkspaceChildren
FNDA:35,discoverPackageRoots
FNDA:35,mergeLanguages
FNDA:45,(anonymous_14)
FNDA:45,(anonymous_15)
FNDA:10,(anonymous_16)
FNDA:35,mergeFrameworks
FNDA:35,mergeDependencies
FNDA:35,detectBuildCommands
FNDA:0,(anonymous_20)
FNDA:35,analyze
FNDA:43,(anonymous_22)
DA:9,78
DA:10,78
DA:11,78
DA:14,30
DA:15,30
DA:16,30
DA:17,30
DA:20,22
DA:21,22
DA:22,22
DA:23,22
DA:26,22
DA:30,78
DA:40,78
DA:41,1872
DA:42,1872
DA:43,94
DA:47,43
DA:50,43
DA:51,43
DA:56,43
DA:57,63
DA:62,43
DA:63,43
DA:64,43
DA:65,24
DA:66,24
DA:71,43
DA:72,43
DA:73,43
DA:74,43
DA:75,0
DA:76,0
DA:80,43
DA:84,53
DA:97,167
DA:105,1
DA:106,1
DA:108,1
DA:109,4
DA:111,4
DA:112,1
DA:113,1
DA:115,3
DA:117,3
DA:118,0
DA:120,3
DA:121,2
DA:123,2
DA:125,2
DA:127,2
DA:132,1
DA:136,112
DA:138,11
DA:139,15
DA:140,15
DA:141,15
DA:142,15
DA:147,35
DA:149,35
DA:150,34
DA:154,35
DA:155,35
DA:156,35
DA:157,2
DA:158,2
DA:159,2
DA:160,2
DA:167,35
DA:168,35
DA:171,35
DA:174,35
DA:175,1
DA:176,1
DA:177,1
DA:178,1
DA:185,35
DA:186,35
DA:189,35
DA:190,0
DA:191,0
DA:192,0
DA:193,0
DA:200,35
DA:201,1
DA:202,2
DA:207,35
DA:208,1
DA:209,2
DA:213,35
DA:214,105
DA:220,35
DA:221,1
DA:224,35
DA:228,35
DA:230,35
DA:231,43
DA:232,53
DA:233,53
DA:234,53
DA:235,53
DA:239,45
DA:240,35
DA:241,45
DA:247,10
DA:251,35
DA:252,35
DA:254,35
DA:255,43
DA:256,38
DA:257,38
DA:258,38
DA:259,38
DA:263,35
DA:267,35
DA:268,35
DA:269,83
DA:271,35
DA:276,35
DA:279,35
DA:280,35
DA:283,35
DA:286,35
DA:287,35
DA:288,35
DA:289,35
DA:290,35
DA:292,35
DA:293,48
DA:295,20
DA:296,80
DA:298,20
DA:299,48
DA:301,20
DA:302,60
DA:304,20
DA:305,48
DA:310,35
DA:311,35
DA:312,35
DA:315,35
DA:316,35
DA:317,35
DA:318,0
DA:319,0
DA:323,0
DA:324,0
DA:325,0
DA:328,0
DA:329,0
DA:332,0
DA:333,0
DA:339,35
DA:340,35
DA:341,35
DA:342,35
DA:343,4
DA:344,4
DA:349,35
DA:350,35
DA:351,35
DA:353,35
DA:354,0
DA:355,0
DA:356,0
DA:357,0
DA:361,35
DA:362,4
DA:363,4
DA:367,35
DA:368,0
DA:369,0
DA:373,35
DA:374,0
DA:375,0
DA:379,35
DA:383,0
DA:384,0
DA:387,35
DA:391,35
DA:392,35
DA:393,43
DA:403,35
DA:404,35
DA:405,35
DA:406,35
DA:408,35
LF:187
LH:161
BRDA:11,0,0,48
BRDA:11,0,1,30
BRDA:17,1,0,8
BRDA:17,1,1,22
BRDA:17,2,0,8
BRDA:17,2,1,0
BRDA:23,3,0,0
BRDA:23,3,1,22
BRDA:66,4,0,20
BRDA:66,4,1,4
BRDA:73,5,0,43
BRDA:73,5,1,0
BRDA:76,6,0,0
BRDA:76,6,1,0
BRDA:111,7,0,1
BRDA:111,7,1,3
BRDA:115,8,0,3
BRDA:115,8,1,0
BRDA:117,9,0,0
BRDA:117,9,1,3
BRDA:117,10,0,3
BRDA:117,10,1,2
BRDA:117,10,2,0
BRDA:120,11,0,2
BRDA:120,11,1,1
BRDA:123,12,0,2
BRDA:123,12,1,0
BRDA:123,13,0,2
BRDA:123,13,1,0
BRDA:123,13,2,2
BRDA:123,13,3,2
BRDA:127,14,0,2
BRDA:127,14,1,0
BRDA:136,15,0,101
BRDA:136,15,1,11
BRDA:136,16,0,112
BRDA:136,16,1,11
BRDA:139,17,0,0
BRDA:139,17,1,15
BRDA:140,18,0,0
BRDA:140,18,1,15
BRDA:140,19,0,15
BRDA:140,19,1,15
BRDA:142,20,0,15
BRDA:142,20,1,0
BRDA:149,21,0,34
BRDA:149,21,1,1
BRDA:159,22,0,0
BRDA:159,22,1,2
BRDA:171,23,0,1
BRDA:171,23,1,19
BRDA:173,24,0,19
BRDA:173,24,1,19
BRDA:177,25,0,0
BRDA:177,25,1,1
BRDA:189,26,0,35
BRDA:189,26,1,0
BRDA:192,27,0,0
BRDA:192,27,1,0
BRDA:200,28,0,1
BRDA:200,28,1,34
BRDA:207,29,0,1
BRDA:207,29,1,34
BRDA:220,30,0,1
BRDA:220,30,1,34
BRDA:232,31,0,53
BRDA:232,31,1,45
BRDA:239,32,0,35
BRDA:239,32,1,0
BRDA:257,33,0,0
BRDA:257,33,1,38
BRDA:283,34,0,35
BRDA:283,34,1,14
BRDA:293,35,0,6
BRDA:293,35,1,42
BRDA:296,36,0,0
BRDA:296,36,1,80
BRDA:299,37,0,6
BRDA:299,37,1,42
BRDA:302,38,0,0
BRDA:302,38,1,60
BRDA:305,39,0,6
BRDA:305,39,1,42
BRDA:310,40,0,35
BRDA:310,40,1,0
BRDA:310,41,0,35
BRDA:310,41,1,0
BRDA:315,42,0,35
BRDA:315,42,1,0
BRDA:318,43,0,0
BRDA:318,43,1,0
BRDA:318,44,0,0
BRDA:318,44,1,0
BRDA:319,45,0,0
BRDA:319,45,1,0
BRDA:319,46,0,0
BRDA:319,46,1,0
BRDA:323,47,0,0
BRDA:323,47,1,0
BRDA:324,48,0,0
BRDA:324,48,1,0
BRDA:325,49,0,0
BRDA:325,49,1,0
BRDA:328,50,0,0
BRDA:328,50,1,0
BRDA:328,51,0,0
BRDA:328,51,1,0
BRDA:328,51,2,0
BRDA:332,52,0,0
BRDA:332,52,1,0
BRDA:332,53,0,0
BRDA:332,53,1,0
BRDA:339,54,0,35
BRDA:339,54,1,0
BRDA:342,55,0,0
BRDA:342,55,1,35
BRDA:343,56,0,4
BRDA:343,56,1,0
BRDA:343,57,0,4
BRDA:343,57,1,4
BRDA:344,58,0,0
BRDA:344,58,1,4
BRDA:344,59,0,4
BRDA:344,59,1,0
BRDA:353,60,0,0
BRDA:353,60,1,35
BRDA:353,61,0,35
BRDA:353,61,1,0
BRDA:354,62,0,0
BRDA:354,62,1,0
BRDA:354,63,0,0
BRDA:354,63,1,0
BRDA:355,64,0,0
BRDA:355,64,1,0
BRDA:355,65,0,0
BRDA:355,65,1,0
BRDA:356,66,0,0
BRDA:356,66,1,0
BRDA:356,67,0,0
BRDA:356,67,1,0
BRDA:357,68,0,0
BRDA:357,68,1,0
BRDA:357,69,0,0
BRDA:357,69,1,0
BRDA:361,70,0,4
BRDA:361,70,1,31
BRDA:361,71,0,35
BRDA:361,71,1,29
BRDA:363,72,0,4
BRDA:363,72,1,0
BRDA:367,73,0,0
BRDA:367,73,1,35
BRDA:367,74,0,35
BRDA:367,74,1,25
BRDA:369,75,0,0
BRDA:369,75,1,0
BRDA:373,76,0,0
BRDA:373,76,1,35
BRDA:373,77,0,35
BRDA:373,77,1,25
BRDA:375,78,0,0
BRDA:375,78,1,0
BRDA:379,79,0,0
BRDA:379,79,1,35
BRDA:379,80,0,35
BRDA:379,80,1,25
BRDA:379,80,2,25
BRDA:384,81,0,0
BRDA:384,81,1,0
BRDA:395,82,0,43
BRDA:395,82,1,35
BRDA:410,83,0,35
BRDA:410,83,1,0
BRDA:416,84,0,35
BRDA:416,84,1,32
BRF:175
BRH:92
end_of_record
TN:
SF:src\bootstrap.ts
FN:58,buildInstallCmd
FN:67,installSkill
FN:105,runBootstrap
FN:113,(anonymous_3)
FN:114,(anonymous_4)
FN:178,(anonymous_5)
FN:179,(anonymous_6)
FN:180,(anonymous_7)
FN:181,(anonymous_8)
FN:186,(anonymous_9)
FN:203,formatBootstrapReport
FN:209,(anonymous_11)
FNF:12
FNH:12
FNDA:408,buildInstallCmd
FNDA:82,installSkill
FNDA:24,runBootstrap
FNDA:33,(anonymous_3)
FNDA:375,(anonymous_4)
FNDA:455,(anonymous_5)
FNDA:455,(anonymous_6)
FNDA:455,(anonymous_7)
FNDA:455,(anonymous_8)
FNDA:2,(anonymous_9)
FNDA:7,formatBootstrapReport
FNDA:246,(anonymous_11)
DA:59,408
DA:60,408
DA:68,82
DA:69,82
DA:70,82
DA:73,0
DA:75,82
DA:77,82
DA:83,82
DA:84,0
DA:87,82
DA:89,1
DA:90,82
DA:91,82
DA:92,82
DA:106,24
DA:107,24
DA:109,24
DA:112,24
DA:113,33
DA:114,375
DA:117,24
DA:118,408
DA:119,408
DA:127,408
DA:128,85
DA:129,3
DA:130,3
DA:132,82
DA:133,82
DA:134,81
DA:136,1
DA:137,1
DA:142,408
DA:146,24
DA:147,4
DA:157,24
DA:158,43
DA:168,24
DA:169,0
DA:178,455
DA:179,455
DA:180,455
DA:181,455
DA:183,24
DA:186,2
DA:204,7
DA:205,7
DA:209,246
DA:211,7
DA:212,7
DA:213,7
DA:214,7
DA:215,7
DA:216,7
DA:217,7
DA:218,7
DA:219,7
DA:220,7
DA:221,7
DA:223,7
DA:224,0
DA:225,0
DA:226,0
DA:229,7
DA:230,7
DA:231,7
DA:233,7
DA:235,123
DA:240,123
DA:241,123
DA:242,123
DA:243,123
DA:244,107
DA:246,123
DA:247,0
DA:249,123
DA:250,0
DA:254,7
DA:256,7
DA:257,6
DA:258,6
DA:259,6
DA:260,6
DA:262,1
DA:263,1
DA:264,1
DA:265,1
DA:266,1
DA:267,1
DA:268,1
DA:269,1
DA:270,1
DA:271,1
DA:272,1
DA:276,7
DA:277,7
LF:97
LH:89
BRDA:59,0,0,393
BRDA:59,0,1,15
BRDA:69,1,0,82
BRDA:69,1,1,0
BRDA:83,2,0,0
BRDA:83,2,1,82
BRDA:87,3,0,81
BRDA:87,3,1,1
BRDA:89,4,0,1
BRDA:89,4,1,0
BRDA:90,5,0,82
BRDA:90,5,1,0
BRDA:94,6,0,82
BRDA:94,6,1,0
BRDA:94,7,0,0
BRDA:94,7,1,0
BRDA:105,8,0,24
BRDA:106,9,0,24
BRDA:122,10,0,375
BRDA:122,10,1,33
BRDA:127,11,0,85
BRDA:127,11,1,323
BRDA:128,12,0,3
BRDA:128,12,1,82
BRDA:133,13,0,81
BRDA:133,13,1,1
BRDA:152,14,0,4
BRDA:152,14,1,0
BRDA:163,15,0,36
BRDA:163,15,1,7
BRDA:174,16,0,0
BRDA:174,16,1,0
BRDA:205,17,0,6
BRDA:205,17,1,1
BRDA:218,18,0,0
BRDA:218,18,1,7
BRDA:220,19,0,7
BRDA:220,19,1,0
BRDA:223,20,0,0
BRDA:223,20,1,7
BRDA:229,21,0,6
BRDA:229,21,1,1
BRDA:235,22,0,16
BRDA:235,22,1,107
BRDA:236,23,0,1
BRDA:236,23,1,106
BRDA:237,24,0,0
BRDA:237,24,1,106
BRDA:243,25,0,107
BRDA:243,25,1,16
BRDA:243,26,0,123
BRDA:243,26,1,123
BRDA:243,26,2,122
BRDA:243,26,3,16
BRDA:246,27,0,0
BRDA:246,27,1,123
BRDA:246,28,0,123
BRDA:246,28,1,0
BRDA:249,29,0,0
BRDA:249,29,1,123
BRDA:249,30,0,123
BRDA:249,30,1,0
BRDA:256,31,0,6
BRDA:256,31,1,1
BRDA:263,32,0,1
BRDA:263,32,1,0
BRDA:264,33,0,1
BRDA:264,33,1,0
BRDA:265,34,0,0
BRDA:265,34,1,1
BRDA:266,35,0,1
BRDA:266,35,1,0
BRDA:267,36,0,1
BRDA:267,36,1,0
BRF:74
BRH:51
end_of_record
TN:
SF:src\doctor.ts
FN:51,checkMcpRuntimeExists
FN:67,checkMcpRuntimeHealthcheck
FN:119,checkMcpConfigPresent
FN:133,parseMcpConfig
FN:143,getServerEntry
FN:149,checkMcpAiOsEntry
FN:175,checkMcpCommandResolves
FN:193,(anonymous_7)
FN:227,checkAiOsConfigPresent
FN:257,checkToolsFilePresent
FN:287,checkSkillsDeployed
FN:314,checkSkillVersions
FN:372,runDoctor
FN:404,(anonymous_13)
FN:405,(anonymous_14)
FN:417,printDoctorReport
FN:439,(anonymous_16)
FNF:17
FNH:17
FNDA:24,checkMcpRuntimeExists
FNDA:24,checkMcpRuntimeHealthcheck
FNDA:48,checkMcpConfigPresent
FNDA:96,parseMcpConfig
FNDA:58,getServerEntry
FNDA:48,checkMcpAiOsEntry
FNDA:48,checkMcpCommandResolves
FNDA:6,(anonymous_7)
FNDA:24,checkAiOsConfigPresent
FNDA:24,checkToolsFilePresent
FNDA:24,checkSkillsDeployed
FNDA:24,checkSkillVersions
FNDA:24,runDoctor
FNDA:288,(anonymous_13)
FNDA:288,(anonymous_14)
FNDA:4,printDoctorReport
FNDA:4,(anonymous_16)
DA:52,24
DA:53,24
DA:54,24
DA:68,24
DA:69,24
DA:71,24
DA:72,21
DA:81,3
DA:88,3
DA:89,3
DA:91,3
DA:120,48
DA:121,48
DA:122,48
DA:134,96
DA:135,96
DA:136,20
DA:137,20
DA:139,0
DA:144,58
DA:145,20
DA:146,20
DA:150,48
DA:151,48
DA:152,38
DA:160,10
DA:161,10
DA:162,10
DA:176,48
DA:177,48
DA:179,48
DA:180,40
DA:189,8
DA:190,48
DA:193,48
DA:194,6
DA:198,48
DA:199,48
DA:202,48
DA:203,48
DA:204,6
DA:205,6
DA:219,2
DA:228,24
DA:229,24
DA:230,22
DA:238,2
DA:239,2
DA:240,2
DA:247,1
DA:258,24
DA:259,24
DA:260,23
DA:268,1
DA:269,1
DA:270,1
DA:277,0
DA:289,24
DA:294,24
DA:295,47
DA:296,2
DA:305,22
DA:315,24
DA:316,24
DA:317,24
DA:325,0
DA:326,0
DA:327,0
DA:329,0
DA:330,0
DA:331,0
DA:332,0
DA:333,0
DA:335,0
DA:336,0
DA:337,0
DA:338,0
DA:342,0
DA:343,0
DA:344,0
DA:345,0
DA:353,0
DA:358,24
DA:373,24
DA:381,24
DA:389,24
DA:404,288
DA:405,288
DA:407,24
DA:418,4
DA:420,4
DA:421,4
DA:422,4
DA:424,4
DA:425,4
DA:426,4
DA:427,4
DA:428,4
DA:429,3
DA:431,4
DA:432,3
DA:436,4
DA:438,4
DA:439,4
DA:441,4
DA:442,1
DA:443,3
DA:444,2
DA:445,2
DA:447,1
DA:448,1
DA:451,4
DA:453,4
LF:113
LH:94
BRDA:53,0,0,24
BRDA:53,0,1,3
BRDA:58,1,0,3
BRDA:58,1,1,21
BRDA:61,2,0,3
BRDA:61,2,1,21
BRDA:71,3,0,21
BRDA:71,3,1,3
BRDA:95,4,0,3
BRDA:95,4,1,0
BRDA:97,5,0,0
BRDA:97,5,1,0
BRDA:97,6,0,0
BRDA:97,6,1,0
BRDA:98,7,0,3
BRDA:98,7,1,0
BRDA:126,8,0,10
BRDA:126,8,1,38
BRDA:127,9,0,10
BRDA:127,9,1,38
BRDA:135,10,0,76
BRDA:135,10,1,20
BRDA:144,11,0,38
BRDA:144,11,1,20
BRDA:151,12,0,38
BRDA:151,12,1,10
BRDA:166,13,0,8
BRDA:166,13,1,2
BRDA:169,14,0,8
BRDA:169,14,1,2
BRDA:179,15,0,40
BRDA:179,15,1,8
BRDA:189,16,0,8
BRDA:189,16,1,0
BRDA:190,17,0,48
BRDA:190,17,1,0
BRDA:199,18,0,4
BRDA:199,18,1,4
BRDA:199,19,0,48
BRDA:199,19,1,6
BRDA:203,20,0,6
BRDA:203,20,1,42
BRDA:203,21,0,48
BRDA:203,21,1,0
BRDA:203,21,2,0
BRDA:203,21,3,0
BRDA:203,21,4,8
BRDA:204,22,0,6
BRDA:204,22,1,6
BRDA:204,22,2,2
BRDA:209,23,0,2
BRDA:209,23,1,4
BRDA:212,24,0,2
BRDA:212,24,1,4
BRDA:229,25,0,22
BRDA:229,25,1,2
BRDA:259,26,0,23
BRDA:259,26,1,1
BRDA:295,27,0,2
BRDA:295,27,1,45
BRDA:316,28,0,24
BRDA:316,28,1,0
BRDA:316,29,0,24
BRDA:316,29,1,0
BRDA:331,30,0,0
BRDA:331,30,1,0
BRDA:337,31,0,0
BRDA:337,31,1,0
BRDA:343,32,0,0
BRDA:343,32,1,0
BRDA:354,33,0,0
BRDA:354,33,1,0
BRDA:355,34,0,0
BRDA:355,34,1,0
BRDA:404,35,0,288
BRDA:404,35,1,190
BRDA:405,36,0,288
BRDA:405,36,1,98
BRDA:425,37,0,1
BRDA:425,37,1,3
BRDA:425,38,0,2
BRDA:425,38,1,1
BRDA:426,39,0,2
BRDA:426,39,1,2
BRDA:426,40,0,4
BRDA:426,40,1,3
BRDA:428,41,0,3
BRDA:428,41,1,1
BRDA:431,42,0,3
BRDA:431,42,1,1
BRDA:431,43,0,4
BRDA:431,43,1,3
BRDA:441,44,0,1
BRDA:441,44,1,3
BRDA:441,45,0,4
BRDA:441,45,1,2
BRDA:443,46,0,2
BRDA:443,46,1,1
BRDA:453,47,0,2
BRDA:453,47,1,2
BRF:100
BRH:77
end_of_record
TN:
SF:src\errors.ts
FN:12,(anonymous_0)
FN:25,formatError
FNF:2
FNH:2
FNDA:15,(anonymous_0)
FNDA:3,formatError
DA:13,15
DA:15,15
DA:16,15
DA:18,15
DA:19,15
DA:21,15
DA:26,3
DA:27,3
DA:28,3
DA:29,3
LF:10
LH:10
BRDA:27,0,0,1
BRDA:27,0,1,2
BRDA:28,1,0,2
BRDA:28,1,1,1
BRF:4
BRH:4
end_of_record
TN:
SF:src\generate.ts
FN:5,(anonymous_0)
FNF:1
FNH:0
FNDA:0,(anonymous_0)
DA:5,0
DA:6,0
DA:7,0
DA:10,0
DA:12,0
DA:13,0
LF:6
LH:0
BRDA:6,0,0,0
BRDA:6,0,1,0
BRDA:10,1,0,0
BRDA:10,1,1,0
BRDA:12,2,0,0
BRDA:12,2,1,0
BRF:6
BRH:0
end_of_record
TN:
SF:src\mcp-tools.ts
FN:16,(anonymous_0)
FN:73,(anonymous_1)
FN:79,(anonymous_2)
FN:80,(anonymous_3)
FN:93,(anonymous_4)
FN:94,(anonymous_5)
FN:95,(anonymous_6)
FN:398,getMcpToolsForStack
FN:400,(anonymous_8)
FN:401,(anonymous_9)
FN:404,getAllMcpTools
FN:405,(anonymous_11)
FN:419,getToolsWithStackSplit
FNF:13
FNH:10
FNDA:578,(anonymous_0)
FNDA:17,(anonymous_1)
FNDA:17,(anonymous_2)
FNDA:0,(anonymous_3)
FNDA:17,(anonymous_4)
FNDA:0,(anonymous_5)
FNDA:0,(anonymous_6)
FNDA:1,getMcpToolsForStack
FNDA:37,(anonymous_8)
FNDA:34,(anonymous_9)
FNDA:6,getAllMcpTools
FNDA:222,(anonymous_11)
FNDA:6,getToolsWithStackSplit
DA:16,578
DA:18,7
DA:73,17
DA:80,17
DA:81,17
DA:94,17
DA:95,17
DA:96,0
DA:399,1
DA:400,37
DA:401,34
DA:405,222
DA:420,6
DA:421,6
DA:423,6
DA:424,222
DA:425,206
DA:427,16
DA:431,6
LF:19
LH:18
BRDA:73,0,0,17
BRDA:73,0,1,16
BRDA:81,1,0,17
BRDA:81,1,1,16
BRDA:96,2,0,0
BRDA:96,2,1,0
BRDA:96,2,2,0
BRDA:96,2,3,0
BRDA:96,2,4,0
BRDA:96,2,5,0
BRDA:96,2,6,0
BRDA:96,2,7,0
BRDA:96,2,8,0
BRDA:96,2,9,0
BRDA:96,2,10,0
BRDA:96,2,11,0
BRDA:96,2,12,0
BRDA:96,2,13,0
BRDA:96,2,14,0
BRDA:400,3,0,37
BRDA:400,3,1,0
BRDA:424,4,0,206
BRDA:424,4,1,16
BRDA:424,5,0,222
BRDA:424,5,1,222
BRF:25
BRH:9
end_of_record
TN:
SF:src\planner.ts
FN:23,exists
FN:27,detectRepoType
FN:45,decideAction
FN:95,buildOnboardingPlan
FN:137,formatOnboardingPlan
FN:138,(anonymous_5)
FNF:6
FNH:4
FNDA:52,exists
FNDA:2,detectRepoType
FNDA:44,decideAction
FNDA:2,buildOnboardingPlan
FNDA:0,formatOnboardingPlan
FNDA:0,(anonymous_5)
DA:24,52
DA:28,2
DA:29,2
DA:30,0
DA:32,2
DA:39,1
DA:52,44
DA:54,44
DA:55,42
DA:60,2
DA:61,1
DA:69,1
DA:70,0
DA:78,1
DA:79,1
DA:87,0
DA:100,2
DA:101,2
DA:104,2
DA:105,2
DA:106,2
DA:107,2
DA:108,2
DA:109,2
DA:110,2
DA:111,2
DA:112,2
DA:113,2
DA:114,2
DA:115,2
DA:116,2
DA:117,2
DA:118,2
DA:119,2
DA:120,2
DA:121,2
DA:124,2
DA:125,2
DA:126,2
DA:127,2
DA:129,2
DA:138,0
DA:140,0
DA:141,0
DA:146,0
DA:147,0
DA:148,0
DA:149,0
DA:150,0
DA:151,0
DA:152,0
DA:153,0
DA:155,0
DA:156,0
DA:157,0
DA:160,0
DA:161,0
DA:162,0
DA:163,0
LF:59
LH:38
BRDA:28,0,0,0
BRDA:28,0,1,2
BRDA:28,1,0,2
BRDA:28,1,1,2
BRDA:29,2,0,0
BRDA:29,2,1,2
BRDA:29,3,0,2
BRDA:29,3,1,2
BRDA:54,4,0,42
BRDA:54,4,1,2
BRDA:60,5,0,1
BRDA:60,5,1,1
BRDA:60,6,0,2
BRDA:60,6,1,1
BRDA:69,7,0,0
BRDA:69,7,1,1
BRDA:74,8,0,0
BRDA:74,8,1,0
BRDA:78,9,0,1
BRDA:78,9,1,0
BRDA:78,10,0,1
BRDA:78,10,1,0
BRDA:98,11,0,2
BRDA:100,12,0,2
BRDA:100,12,1,2
BRDA:100,13,0,2
BRDA:100,13,1,0
BRDA:140,14,0,0
BRDA:140,14,1,0
BRDA:156,15,0,0
BRDA:156,15,1,0
BRF:31
BRH:19
end_of_record
TN:
SF:src\profile.ts
FN:66,applyProfile
FN:74,describeProfile
FN:88,parseProfile
FNF:3
FNH:3
FNDA:5,applyProfile
FNDA:5,describeProfile
FNDA:10,parseProfile
DA:26,2
DA:67,5
DA:68,5
DA:75,5
DA:76,5
DA:77,5
DA:78,5
DA:79,5
DA:80,5
DA:81,5
DA:82,5
DA:83,5
DA:84,5
DA:89,10
DA:90,5
LF:15
LH:15
BRDA:77,0,0,2
BRDA:77,0,1,3
BRDA:78,1,0,3
BRDA:78,1,1,2
BRDA:79,2,0,3
BRDA:79,2,1,2
BRDA:80,3,0,3
BRDA:80,3,1,2
BRDA:81,4,0,3
BRDA:81,4,1,2
BRDA:89,5,0,5
BRDA:89,5,1,5
BRDA:89,6,0,10
BRDA:89,6,1,9
BRDA:89,6,2,7
BRF:15
BRH:15
end_of_record
TN:
SF:src\types.ts
FN:221,isAiOsConfig
FN:275,isAgentRegistry
FN:281,(anonymous_2)
FNF:3
FNH:3
FNDA:10,isAiOsConfig
FNDA:8,isAgentRegistry
FNDA:4,(anonymous_2)
DA:222,10
DA:223,9
DA:224,9
DA:276,8
DA:277,7
DA:278,7
DA:279,6
DA:280,6
DA:281,5
DA:282,4
DA:283,4
DA:284,4
LF:12
LH:12
BRDA:222,0,0,1
BRDA:222,0,1,9
BRDA:222,1,0,10
BRDA:222,1,1,10
BRDA:225,2,0,9
BRDA:225,2,1,7
BRDA:225,2,2,6
BRDA:225,2,3,6
BRDA:225,2,4,6
BRDA:225,2,5,6
BRDA:225,2,6,5
BRDA:225,2,7,4
BRDA:276,3,0,1
BRDA:276,3,1,7
BRDA:276,4,0,8
BRDA:276,4,1,8
BRDA:278,5,0,1
BRDA:278,5,1,6
BRDA:279,6,0,0
BRDA:279,6,1,6
BRDA:280,7,0,1
BRDA:280,7,1,5
BRDA:282,8,0,0
BRDA:282,8,1,4
BRDA:282,9,0,4
BRDA:282,9,1,4
BRDA:285,10,0,4
BRDA:285,10,1,4
BRDA:285,10,2,4
BRDA:285,10,3,4
BRDA:285,10,4,4
BRDA:285,10,5,4
BRDA:285,10,6,3
BRDA:285,10,7,3
BRDA:285,10,8,2
BRF:35
BRH:33
end_of_record
TN:
SF:src\uninstall.ts
FN:30,readProtectedPaths
FN:45,(anonymous_1)
FN:51,hasUserBlocks
FN:61,removeEmptyDirs
FN:63,(anonymous_4)
FN:75,runUninstall
FN:180,formatUninstallReport
FNF:7
FNH:7
FNDA:7,readProtectedPaths
FNDA:1,(anonymous_1)
FNDA:4,hasUserBlocks
FNDA:5,removeEmptyDirs
FNDA:47,(anonymous_4)
FNDA:8,runUninstall
FNDA:2,formatUninstallReport
DA:31,7
DA:32,7
DA:33,1
DA:34,1
DA:35,1
DA:36,1
DA:37,1
DA:38,1
DA:39,1
DA:41,1
DA:42,0
DA:45,1
DA:47,0
DA:52,4
DA:53,4
DA:54,4
DA:55,4
DA:57,0
DA:63,47
DA:64,5
DA:65,27
DA:66,27
DA:67,6
DA:76,8
DA:78,8
DA:87,8
DA:88,8
DA:89,1
DA:90,1
DA:93,7
DA:94,7
DA:96,7
DA:97,6
DA:99,6
DA:100,1
DA:101,1
DA:102,1
DA:106,5
DA:107,1
DA:108,1
DA:109,1
DA:113,4
DA:114,1
DA:115,1
DA:116,1
DA:119,3
DA:120,1
DA:121,1
DA:122,1
DA:125,2
DA:126,2
DA:127,2
DA:128,2
DA:129,2
DA:131,0
DA:132,0
DA:133,0
DA:138,7
DA:142,7
DA:144,7
DA:145,5
DA:146,10
DA:147,10
DA:148,0
DA:149,0
DA:152,0
DA:153,0
DA:158,5
DA:159,5
DA:160,5
DA:161,5
DA:166,5
DA:174,5
DA:177,7
DA:181,2
DA:182,2
DA:184,2
DA:185,2
DA:186,2
DA:187,2
DA:188,2
DA:190,2
DA:191,0
DA:192,0
DA:195,2
DA:196,0
DA:197,0
DA:200,2
LF:88
LH:74
BRDA:32,0,0,6
BRDA:32,0,1,1
BRDA:35,1,0,0
BRDA:35,1,1,1
BRDA:35,2,0,1
BRDA:35,2,1,1
BRDA:38,3,0,1
BRDA:38,3,1,0
BRDA:41,4,0,0
BRDA:41,4,1,1
BRDA:66,5,0,6
BRDA:66,5,1,21
BRDA:66,6,0,27
BRDA:66,6,1,7
BRDA:75,7,0,8
BRDA:76,8,0,8
BRDA:76,9,0,8
BRDA:88,10,0,1
BRDA:88,10,1,7
BRDA:99,11,0,1
BRDA:99,11,1,5
BRDA:101,12,0,0
BRDA:101,12,1,1
BRDA:106,13,0,1
BRDA:106,13,1,4
BRDA:108,14,0,0
BRDA:108,14,1,1
BRDA:113,15,0,1
BRDA:113,15,1,3
BRDA:115,16,0,0
BRDA:115,16,1,1
BRDA:119,17,0,1
BRDA:119,17,1,2
BRDA:129,18,0,0
BRDA:129,18,1,2
BRDA:131,19,0,0
BRDA:131,19,1,0
BRDA:144,20,0,5
BRDA:144,20,1,2
BRDA:147,21,0,0
BRDA:147,21,1,10
BRDA:149,22,0,0
BRDA:149,22,1,0
BRDA:152,23,0,0
BRDA:152,23,1,0
BRDA:159,24,0,5
BRDA:159,24,1,0
BRDA:161,25,0,0
BRDA:161,25,1,5
BRDA:182,26,0,1
BRDA:182,26,1,1
BRDA:186,27,0,0
BRDA:186,27,1,2
BRDA:187,28,0,0
BRDA:187,28,1,2
BRDA:188,29,0,0
BRDA:188,29,1,2
BRDA:190,30,0,0
BRDA:190,30,1,2
BRDA:195,31,0,0
BRDA:195,31,1,2
BRF:61
BRH:40
end_of_record
TN:
SF:src\updater.ts
FN:9,getToolVersion
FN:32,readInstalledConfig
FN:45,parseSemver
FN:50,compareSemver
FN:61,isNewer
FN:69,getLatestPublishedTagVersion
FN:84,(anonymous_6)
FN:86,(anonymous_7)
FN:90,(anonymous_8)
FN:94,(anonymous_9)
FN:102,getLatestResolvableVersion
FN:116,checkUpdateStatus
FN:141,printUpdateBanner
FN:172,pruneLegacyArtifacts
FNF:14
FNH:10
FNDA:34,getToolVersion
FNDA:0,readInstalledConfig
FNDA:8,parseSemver
FNDA:4,compareSemver
FNDA:0,isNewer
FNDA:2,getLatestPublishedTagVersion
FNDA:4,(anonymous_6)
FNDA:4,(anonymous_7)
FNDA:4,(anonymous_8)
FNDA:2,(anonymous_9)
FNDA:2,getLatestResolvableVersion
FNDA:0,checkUpdateStatus
FNDA:1,printUpdateBanner
FNDA:0,pruneLegacyArtifacts
DA:6,34
DA:10,34
DA:11,34
DA:14,34
DA:16,0
DA:34,0
DA:35,0
DA:36,0
DA:37,0
DA:38,0
DA:40,0
DA:46,8
DA:47,8
DA:51,4
DA:52,4
DA:54,4
DA:55,3
DA:56,0
DA:57,0
DA:62,0
DA:63,0
DA:64,0
DA:65,0
DA:66,0
DA:70,2
DA:71,2
DA:80,2
DA:82,2
DA:84,4
DA:87,4
DA:88,4
DA:90,4
DA:92,2
DA:94,2
DA:95,2
DA:98,0
DA:103,2
DA:104,2
DA:105,2
DA:117,0
DA:118,0
DA:119,0
DA:121,0
DA:122,0
DA:131,0
DA:132,0
DA:142,1
DA:144,1
DA:146,1
DA:147,1
DA:148,1
DA:149,1
DA:150,1
DA:151,1
DA:152,1
DA:153,1
DA:154,1
DA:155,1
DA:173,0
DA:174,0
DA:175,0
DA:176,0
DA:177,0
DA:178,0
DA:180,0
DA:181,0
DA:183,0
DA:184,0
DA:185,0
DA:186,0
DA:187,0
DA:188,0
DA:189,0
DA:193,0
DA:194,0
DA:195,0
DA:196,0
DA:201,0
DA:202,0
DA:208,0
DA:209,0
DA:211,0
DA:215,0
DA:216,0
DA:217,0
DA:221,0
DA:223,0
DA:224,0
DA:226,0
DA:227,0
DA:228,0
DA:229,0
DA:230,0
DA:231,0
DA:232,0
DA:233,0
DA:234,0
DA:241,0
DA:242,0
DA:243,0
DA:245,0
DA:246,0
DA:248,0
DA:249,0
DA:256,0
DA:257,0
LF:106
LH:36
BRDA:14,0,0,34
BRDA:14,0,1,0
BRDA:36,1,0,0
BRDA:36,1,1,0
BRDA:46,2,0,8
BRDA:46,3,0,8
BRDA:46,4,0,8
BRDA:51,5,0,4
BRDA:51,6,0,4
BRDA:51,7,0,4
BRDA:52,8,0,4
BRDA:52,9,0,4
BRDA:52,10,0,4
BRDA:54,11,0,1
BRDA:54,11,1,3
BRDA:54,12,0,0
BRDA:54,12,1,1
BRDA:55,13,0,3
BRDA:55,13,1,0
BRDA:55,14,0,3
BRDA:55,14,1,0
BRDA:56,15,0,0
BRDA:56,15,1,0
BRDA:56,16,0,0
BRDA:56,16,1,0
BRDA:62,17,0,0
BRDA:62,18,0,0
BRDA:62,19,0,0
BRDA:63,20,0,0
BRDA:63,21,0,0
BRDA:63,22,0,0
BRDA:64,23,0,0
BRDA:64,23,1,0
BRDA:65,24,0,0
BRDA:65,24,1,0
BRDA:80,25,0,0
BRDA:80,25,1,2
BRDA:80,26,0,2
BRDA:80,26,1,2
BRDA:88,27,0,4
BRDA:88,27,1,0
BRDA:92,28,0,0
BRDA:92,28,1,2
BRDA:95,29,0,2
BRDA:95,29,1,0
BRDA:104,30,0,0
BRDA:104,30,1,2
BRDA:105,31,0,1
BRDA:105,31,1,1
BRDA:121,32,0,0
BRDA:121,32,1,0
BRDA:142,33,0,0
BRDA:142,33,1,1
BRDA:149,34,0,1
BRDA:149,34,1,0
BRDA:183,35,0,0
BRDA:183,35,1,0
BRDA:187,36,0,0
BRDA:187,36,1,0
BRDA:194,37,0,0
BRDA:194,37,1,0
BRDA:201,38,0,0
BRDA:201,38,1,0
BRDA:201,39,0,0
BRDA:201,39,1,0
BRDA:208,40,0,0
BRDA:208,40,1,0
BRDA:216,41,0,0
BRDA:216,41,1,0
BRDA:221,42,0,0
BRDA:221,42,1,0
BRDA:229,43,0,0
BRDA:229,43,1,0
BRDA:231,44,0,0
BRDA:231,44,1,0
BRDA:242,45,0,0
BRDA:242,45,1,0
BRDA:245,46,0,0
BRDA:245,46,1,0
BRDA:245,47,0,0
BRDA:245,47,1,0
BRDA:248,48,0,0
BRDA:248,48,1,0
BRDA:248,49,0,0
BRDA:248,49,1,0
BRDA:256,50,0,0
BRDA:256,50,1,0
BRF:87
BRH:26
end_of_record
TN:
SF:src\user-blocks.ts
FN:76,extractUserBlocks
FN:106,extractAnchorLine
FN:120,mergeUserBlocks
FN:183,escapeRegex
FNF:4
FNH:4
FNDA:18,extractUserBlocks
FNDA:16,extractAnchorLine
FNDA:8,mergeUserBlocks
FNDA:8,escapeRegex
DA:30,2
DA:31,2
DA:35,2
DA:77,18
DA:79,18
DA:82,18
DA:83,17
DA:84,17
DA:85,17
DA:87,17
DA:90,16
DA:91,16
DA:93,16
DA:96,18
DA:107,16
DA:108,16
DA:111,16
DA:121,8
DA:123,8
DA:124,1
DA:127,7
DA:128,7
DA:129,7
DA:131,7
DA:132,9
DA:133,9
DA:136,9
DA:137,4
DA:141,4
DA:142,4
DA:143,4
DA:147,5
DA:148,4
DA:150,4
DA:151,1
DA:152,1
DA:153,1
DA:154,1
DA:159,4
DA:167,4
DA:169,4
DA:178,7
DA:184,8
LF:43
LH:43
BRDA:87,0,0,1
BRDA:87,0,1,16
BRDA:107,1,0,16
BRDA:107,1,1,0
BRDA:108,2,0,16
BRDA:108,2,1,0
BRDA:109,3,0,16
BRDA:109,3,1,5
BRDA:123,4,0,1
BRDA:123,4,1,7
BRDA:136,5,0,4
BRDA:136,5,1,5
BRDA:136,6,0,9
BRDA:136,6,1,4
BRDA:147,7,0,4
BRDA:147,7,1,1
BRDA:150,8,0,1
BRDA:150,8,1,3
BRDA:171,9,0,3
BRDA:171,9,1,1
BRDA:172,10,0,3
BRDA:172,10,1,1
BRF:22
BRH:20
end_of_record
TN:
SF:src\workflow-runner.ts
FN:43,parseWorkflowYaml
FN:99,validateWorkflow
FN:122,buildWorkflowRunPlan
FN:126,(anonymous_3)
FN:136,buildStepPrompt
FN:145,formatRunPlan
FN:170,(anonymous_6)
FN:174,listWorkflows
FN:177,(anonymous_8)
FN:181,loadWorkflow
FNF:10
FNH:10
FNDA:14,parseWorkflowYaml
FNDA:3,validateWorkflow
FNDA:6,buildWorkflowRunPlan
FNDA:18,(anonymous_3)
FNDA:18,buildStepPrompt
FNDA:3,formatRunPlan
FNDA:61,(anonymous_6)
FNDA:2,listWorkflows
FNDA:1,(anonymous_8)
FNDA:2,loadWorkflow
DA:44,14
DA:45,14
DA:46,14
DA:47,14
DA:49,14
DA:50,201
DA:51,201
DA:54,143
DA:55,143
DA:57,130
DA:58,130
DA:60,120
DA:62,106
DA:65,106
DA:66,33
DA:67,33
DA:68,33
DA:69,33
DA:70,33
DA:71,33
DA:74,73
DA:77,73
DA:78,73
DA:80,73
DA:81,73
DA:83,52
DA:84,52
DA:86,30
DA:87,30
DA:90,14
DA:92,14
DA:93,13
DA:95,12
DA:100,3
DA:101,3
DA:103,3
DA:104,5
DA:105,5
DA:106,1
DA:108,5
DA:109,1
DA:115,5
DA:118,3
DA:123,6
DA:126,18
DA:137,18
DA:138,18
DA:139,18
DA:140,18
DA:141,18
DA:146,3
DA:155,3
DA:156,9
DA:157,9
DA:158,9
DA:159,9
DA:160,9
DA:163,3
DA:164,1
DA:165,1
DA:166,1
DA:167,1
DA:170,61
DA:175,2
DA:176,2
DA:177,1
DA:182,2
DA:183,2
DA:184,1
DA:186,1
DA:187,1
LF:71
LH:71
BRDA:51,0,0,58
BRDA:51,0,1,143
BRDA:51,1,0,201
BRDA:51,1,1,143
BRDA:55,2,0,13
BRDA:55,2,1,130
BRDA:58,3,0,10
BRDA:58,3,1,120
BRDA:60,4,0,14
BRDA:60,4,1,106
BRDA:62,5,0,0
BRDA:62,5,1,106
BRDA:65,6,0,33
BRDA:65,6,1,73
BRDA:66,7,0,20
BRDA:66,7,1,13
BRDA:66,8,0,33
BRDA:66,8,1,20
BRDA:70,9,0,33
BRDA:70,9,1,0
BRDA:74,10,0,0
BRDA:74,10,1,73
BRDA:78,11,0,0
BRDA:78,11,1,73
BRDA:81,12,0,21
BRDA:81,12,1,52
BRDA:84,13,0,22
BRDA:84,13,1,30
BRDA:87,14,0,30
BRDA:87,14,1,0
BRDA:90,15,0,13
BRDA:90,15,1,1
BRDA:90,16,0,14
BRDA:90,16,1,13
BRDA:92,17,0,1
BRDA:92,17,1,13
BRDA:93,18,0,1
BRDA:93,18,1,12
BRDA:93,19,0,13
BRDA:93,19,1,13
BRDA:105,20,0,1
BRDA:105,20,1,4
BRDA:108,21,0,1
BRDA:108,21,1,4
BRDA:108,22,0,5
BRDA:108,22,1,3
BRDA:115,23,0,4
BRDA:115,23,1,1
BRDA:122,24,0,6
BRDA:138,25,0,12
BRDA:138,25,1,6
BRDA:139,26,0,12
BRDA:139,26,1,6
BRDA:140,27,0,18
BRDA:140,27,1,0
BRDA:148,28,0,3
BRDA:148,28,1,0
BRDA:149,29,0,2
BRDA:149,29,1,1
BRDA:157,30,0,6
BRDA:157,30,1,3
BRDA:158,31,0,6
BRDA:158,31,1,3
BRDA:163,32,0,1
BRDA:163,32,1,2
BRDA:176,33,0,1
BRDA:176,33,1,1
BRDA:177,34,0,1
BRDA:177,34,1,0
BRDA:183,35,0,1
BRDA:183,35,1,1
BRF:71
BRH:63
end_of_record
TN:
SF:src\actions\apply.ts
FN:54,toPathSet
FN:58,(anonymous_1)
FN:59,(anonymous_2)
FN:63,loadProtectConfig
FN:89,isCustomArtifact
FN:90,(anonymous_5)
FN:93,ensureGitignoreEntry
FN:105,resolveBundledServerSource
FN:122,installLocalMcpRuntime
FN:189,computeLineDiff
FN:195,lcs
FN:197,(anonymous_11)
FN:228,printDryRunDiff
FN:250,(anonymous_13)
FN:251,(anonymous_14)
FN:289,printSummary
FN:301,(anonymous_16)
FN:315,(anonymous_17)
FN:350,printContextualNextSteps
FN:359,(anonymous_19)
FN:375,(anonymous_20)
FN:426,printAgentFlowSetupPrompt
FN:467,printAgentHookGuide
FN:484,printAgentFlowStatus
FN:491,(anonymous_24)
FN:512,printMemoryMaintenanceSummary
FN:544,validateSkillRoutingCompleteness
FN:580,printSuperpowersPluginSetup
FN:600,autoInstallSuperpowers
FN:602,(anonymous_29)
FN:613,(anonymous_30)
FN:618,(anonymous_31)
FN:651,(anonymous_32)
FN:652,(anonymous_33)
FN:659,(anonymous_34)
FN:667,runApply
FN:676,(anonymous_36)
FN:895,(anonymous_37)
FN:964,(anonymous_38)
FN:1028,(anonymous_39)
FN:1029,(anonymous_40)
FN:1058,(anonymous_41)
FN:1065,(anonymous_42)
FN:1067,(anonymous_43)
FN:1079,(anonymous_44)
FN:1086,(anonymous_45)
FN:1088,(anonymous_46)
FNF:47
FNH:0
FNDA:0,toPathSet
FNDA:0,(anonymous_1)
FNDA:0,(anonymous_2)
FNDA:0,loadProtectConfig
FNDA:0,isCustomArtifact
FNDA:0,(anonymous_5)
FNDA:0,ensureGitignoreEntry
FNDA:0,resolveBundledServerSource
FNDA:0,installLocalMcpRuntime
FNDA:0,computeLineDiff
FNDA:0,lcs
FNDA:0,(anonymous_11)
FNDA:0,printDryRunDiff
FNDA:0,(anonymous_13)
FNDA:0,(anonymous_14)
FNDA:0,printSummary
FNDA:0,(anonymous_16)
FNDA:0,(anonymous_17)
FNDA:0,printContextualNextSteps
FNDA:0,(anonymous_19)
FNDA:0,(anonymous_20)
FNDA:0,printAgentFlowSetupPrompt
FNDA:0,printAgentHookGuide
FNDA:0,printAgentFlowStatus
FNDA:0,(anonymous_24)
FNDA:0,printMemoryMaintenanceSummary
FNDA:0,validateSkillRoutingCompleteness
FNDA:0,printSuperpowersPluginSetup
FNDA:0,autoInstallSuperpowers
FNDA:0,(anonymous_29)
FNDA:0,(anonymous_30)
FNDA:0,(anonymous_31)
FNDA:0,(anonymous_32)
FNDA:0,(anonymous_33)
FNDA:0,(anonymous_34)
FNDA:0,runApply
FNDA:0,(anonymous_36)
FNDA:0,(anonymous_37)
FNDA:0,(anonymous_38)
FNDA:0,(anonymous_39)
FNDA:0,(anonymous_40)
FNDA:0,(anonymous_41)
FNDA:0,(anonymous_42)
FNDA:0,(anonymous_43)
FNDA:0,(anonymous_44)
FNDA:0,(anonymous_45)
FNDA:0,(anonymous_46)
DA:55,0
DA:56,0
DA:58,0
DA:59,0
DA:64,0
DA:65,0
DA:66,0
DA:67,0
DA:68,0
DA:73,0
DA:78,0
DA:79,0
DA:87,0
DA:90,0
DA:94,0
DA:95,0
DA:97,0
DA:98,0
DA:99,0
DA:101,0
DA:102,0
DA:106,0
DA:107,0
DA:113,0
DA:114,0
DA:115,0
DA:119,0
DA:123,0
DA:124,0
DA:125,0
DA:126,0
DA:129,0
DA:130,0
DA:131,0
DA:132,0
DA:134,0
DA:136,0
DA:137,0
DA:139,0
DA:149,0
DA:157,0
DA:158,0
DA:161,0
DA:162,0
DA:163,0
DA:166,0
DA:173,0
DA:174,0
DA:175,0
DA:178,0
DA:179,0
DA:180,0
DA:181,0
DA:183,0
DA:184,0
DA:190,0
DA:191,0
DA:192,0
DA:196,0
DA:197,0
DA:198,0
DA:199,0
DA:200,0
DA:201,0
DA:202,0
DA:203,0
DA:204,0
DA:205,0
DA:206,0
DA:208,0
DA:211,0
DA:212,0
DA:213,0
DA:214,0
DA:215,0
DA:216,0
DA:217,0
DA:218,0
DA:219,0
DA:220,0
DA:221,0
DA:223,0
DA:225,0
DA:229,0
DA:230,0
DA:231,0
DA:233,0
DA:235,0
DA:236,0
DA:237,0
DA:238,0
DA:239,0
DA:240,0
DA:241,0
DA:242,0
DA:243,0
DA:245,0
DA:248,0
DA:249,0
DA:250,0
DA:251,0
DA:252,0
DA:253,0
DA:254,0
DA:256,0
DA:258,0
DA:259,0
DA:260,0
DA:261,0
DA:262,0
DA:263,0
DA:264,0
DA:265,0
DA:266,0
DA:267,0
DA:268,0
DA:270,0
DA:272,0
DA:275,0
DA:276,0
DA:282,0
DA:283,0
DA:284,0
DA:286,0
DA:300,0
DA:301,0
DA:302,0
DA:303,0
DA:304,0
DA:305,0
DA:306,0
DA:307,0
DA:308,0
DA:310,0
DA:311,0
DA:312,0
DA:315,0
DA:319,0
DA:320,0
DA:321,0
DA:323,0
DA:324,0
DA:326,0
DA:327,0
DA:329,0
DA:330,0
DA:332,0
DA:333,0
DA:334,0
DA:335,0
DA:336,0
DA:337,0
DA:338,0
DA:339,0
DA:340,0
DA:342,0
DA:343,0
DA:347,0
DA:356,0
DA:357,0
DA:359,0
DA:360,0
DA:361,0
DA:363,0
DA:364,0
DA:365,0
DA:366,0
DA:367,0
DA:370,0
DA:371,0
DA:372,0
DA:375,0
DA:376,0
DA:377,0
DA:381,0
DA:382,0
DA:383,0
DA:384,0
DA:385,0
DA:386,0
DA:387,0
DA:388,0
DA:389,0
DA:390,0
DA:393,0
DA:394,0
DA:395,0
DA:396,0
DA:397,0
DA:398,0
DA:399,0
DA:400,0
DA:401,0
DA:404,0
DA:408,0
DA:409,0
DA:410,0
DA:411,0
DA:412,0
DA:414,0
DA:416,0
DA:417,0
DA:418,0
DA:419,0
DA:420,0
DA:427,0
DA:428,0
DA:431,0
DA:433,0
DA:434,0
DA:435,0
DA:436,0
DA:437,0
DA:438,0
DA:439,0
DA:440,0
DA:441,0
DA:442,0
DA:443,0
DA:444,0
DA:445,0
DA:446,0
DA:447,0
DA:448,0
DA:449,0
DA:450,0
DA:452,0
DA:453,0
DA:455,0
DA:456,0
DA:457,0
DA:458,0
DA:459,0
DA:460,0
DA:462,0
DA:463,0
DA:468,0
DA:469,0
DA:470,0
DA:471,0
DA:472,0
DA:473,0
DA:475,0
DA:476,0
DA:477,0
DA:478,0
DA:479,0
DA:480,0
DA:481,0
DA:485,0
DA:486,0
DA:491,0
DA:492,0
DA:494,0
DA:495,0
DA:496,0
DA:497,0
DA:498,0
DA:500,0
DA:501,0
DA:502,0
DA:503,0
DA:505,0
DA:513,0
DA:514,0
DA:516,0
DA:517,0
DA:518,0
DA:520,0
DA:522,0
DA:523,0
DA:524,0
DA:525,0
DA:527,0
DA:528,0
DA:530,0
DA:531,0
DA:533,0
DA:545,0
DA:546,0
DA:548,0
DA:549,0
DA:550,0
DA:551,0
DA:552,0
DA:553,0
DA:554,0
DA:555,0
DA:556,0
DA:557,0
DA:558,0
DA:561,0
DA:565,0
DA:568,0
DA:569,0
DA:570,0
DA:571,0
DA:572,0
DA:581,0
DA:582,0
DA:583,0
DA:584,0
DA:585,0
DA:586,0
DA:587,0
DA:588,0
DA:589,0
DA:590,0
DA:591,0
DA:592,0
DA:601,0
DA:602,0
DA:604,0
DA:607,0
DA:608,0
DA:609,0
DA:612,0
DA:613,0
DA:618,0
DA:619,0
DA:621,0
DA:622,0
DA:623,0
DA:624,0
DA:627,0
DA:628,0
DA:629,0
DA:630,0
DA:631,0
DA:632,0
DA:633,0
DA:635,0
DA:636,0
DA:639,0
DA:640,0
DA:641,0
DA:642,0
DA:643,0
DA:644,0
DA:647,0
DA:650,0
DA:651,0
DA:652,0
DA:654,0
DA:655,0
DA:657,0
DA:658,0
DA:659,0
DA:660,0
DA:663,0
DA:664,0
DA:668,0
DA:669,0
DA:673,0
DA:674,0
DA:675,0
DA:676,0
DA:680,0
DA:681,0
DA:682,0
DA:685,0
DA:686,0
DA:687,0
DA:688,0
DA:691,0
DA:692,0
DA:693,0
DA:695,0
DA:696,0
DA:697,0
DA:698,0
DA:699,0
DA:701,0
DA:703,0
DA:704,0
DA:705,0
DA:710,0
DA:711,0
DA:713,0
DA:714,0
DA:715,0
DA:716,0
DA:720,0
DA:721,0
DA:725,0
DA:726,0
DA:727,0
DA:731,0
DA:732,0
DA:733,0
DA:734,0
DA:735,0
DA:738,0
DA:739,0
DA:740,0
DA:745,0
DA:746,0
DA:747,0
DA:748,0
DA:749,0
DA:750,0
DA:753,0
DA:754,0
DA:755,0
DA:759,0
DA:761,0
DA:763,0
DA:764,0
DA:766,0
DA:767,0
DA:768,0
DA:771,0
DA:772,0
DA:773,0
DA:776,0
DA:777,0
DA:778,0
DA:779,0
DA:780,0
DA:783,0
DA:784,0
DA:785,0
DA:786,0
DA:787,0
DA:788,0
DA:792,0
DA:793,0
DA:796,0
DA:800,0
DA:801,0
DA:802,0
DA:803,0
DA:804,0
DA:805,0
DA:806,0
DA:808,0
DA:810,0
DA:817,0
DA:821,0
DA:824,0
DA:825,0
DA:826,0
DA:827,0
DA:828,0
DA:829,0
DA:831,0
DA:832,0
DA:834,0
DA:835,0
DA:836,0
DA:841,0
DA:842,0
DA:843,0
DA:846,0
DA:847,0
DA:851,0
DA:852,0
DA:853,0
DA:854,0
DA:855,0
DA:856,0
DA:858,0
DA:860,0
DA:861,0
DA:862,0
DA:865,0
DA:868,0
DA:869,0
DA:870,0
DA:871,0
DA:873,0
DA:874,0
DA:875,0
DA:879,0
DA:895,0
DA:896,0
DA:899,0
DA:900,0
DA:906,0
DA:907,0
DA:908,0
DA:910,0
DA:911,0
DA:912,0
DA:913,0
DA:915,0
DA:916,0
DA:917,0
DA:918,0
DA:921,0
DA:922,0
DA:923,0
DA:924,0
DA:927,0
DA:928,0
DA:929,0
DA:931,0
DA:932,0
DA:934,0
DA:935,0
DA:936,0
DA:937,0
DA:938,0
DA:939,0
DA:940,0
DA:942,0
DA:945,0
DA:947,0
DA:948,0
DA:956,0
DA:957,0
DA:958,0
DA:959,0
DA:960,0
DA:961,0
DA:962,0
DA:963,0
DA:964,0
DA:972,0
DA:973,0
DA:974,0
DA:975,0
DA:976,0
DA:977,0
DA:978,0
DA:980,0
DA:981,0
DA:983,0
DA:984,0
DA:985,0
DA:987,0
DA:990,0
DA:991,0
DA:992,0
DA:997,0
DA:998,0
DA:999,0
DA:1000,0
DA:1001,0
DA:1002,0
DA:1006,0
DA:1011,0
DA:1012,0
DA:1013,0
DA:1014,0
DA:1015,0
DA:1016,0
DA:1028,0
DA:1029,0
DA:1031,0
DA:1034,0
DA:1035,0
DA:1036,0
DA:1037,0
DA:1040,0
DA:1041,0
DA:1042,0
DA:1045,0
DA:1047,0
DA:1048,0
DA:1050,0
DA:1051,0
DA:1052,0
DA:1058,0
DA:1065,0
DA:1067,0
DA:1070,0
DA:1073,0
DA:1079,0
DA:1086,0
DA:1088,0
DA:1090,0
DA:1093,0
DA:1094,0
DA:1097,0
DA:1098,0
DA:1099,0
DA:1100,0
DA:1101,0
DA:1102,0
DA:1109,0
DA:1110,0
DA:1111,0
DA:1112,0
DA:1118,0
DA:1119,0
DA:1120,0
DA:1122,0
LF:588
LH:0
BRDA:55,0,0,0
BRDA:55,0,1,0
BRDA:66,1,0,0
BRDA:66,1,1,0
BRDA:95,2,0,0
BRDA:95,2,1,0
BRDA:99,3,0,0
BRDA:99,3,1,0
BRDA:114,4,0,0
BRDA:114,4,1,0
BRDA:114,5,0,0
BRDA:114,5,1,0
BRDA:124,6,0,0
BRDA:124,6,1,0
BRDA:162,7,0,0
BRDA:162,7,1,0
BRDA:173,8,0,0
BRDA:173,8,1,0
BRDA:175,9,0,0
BRDA:175,9,1,0
BRDA:178,10,0,0
BRDA:178,10,1,0
BRDA:200,11,0,0
BRDA:200,11,1,0
BRDA:203,12,0,0
BRDA:203,12,1,0
BRDA:204,13,0,0
BRDA:204,13,1,0
BRDA:205,14,0,0
BRDA:205,14,1,0
BRDA:214,15,0,0
BRDA:214,15,1,0
BRDA:215,16,0,0
BRDA:215,16,1,0
BRDA:218,17,0,0
BRDA:218,17,1,0
BRDA:230,18,0,0
BRDA:230,18,1,0
BRDA:237,19,0,0
BRDA:237,19,1,0
BRDA:242,20,0,0
BRDA:242,20,1,0
BRDA:245,21,0,0
BRDA:245,21,1,0
BRDA:256,22,0,0
BRDA:256,22,1,0
BRDA:260,23,0,0
BRDA:260,23,1,0
BRDA:261,24,0,0
BRDA:261,24,1,0
BRDA:264,25,0,0
BRDA:264,25,1,0
BRDA:266,26,0,0
BRDA:266,26,1,0
BRDA:266,27,0,0
BRDA:266,27,1,0
BRDA:275,28,0,0
BRDA:275,28,1,0
BRDA:283,29,0,0
BRDA:283,29,1,0
BRDA:283,30,0,0
BRDA:283,30,1,0
BRDA:283,30,2,0
BRDA:301,31,0,0
BRDA:301,31,1,0
BRDA:306,32,0,0
BRDA:306,32,1,0
BRDA:307,33,0,0
BRDA:307,33,1,0
BRDA:317,34,0,0
BRDA:317,34,1,0
BRDA:320,35,0,0
BRDA:320,35,1,0
BRDA:323,36,0,0
BRDA:323,36,1,0
BRDA:326,37,0,0
BRDA:326,37,1,0
BRDA:334,38,0,0
BRDA:334,38,1,0
BRDA:337,39,0,0
BRDA:337,39,1,0
BRDA:339,40,0,0
BRDA:339,40,1,0
BRDA:342,41,0,0
BRDA:342,41,1,0
BRDA:363,42,0,0
BRDA:363,42,1,0
BRDA:376,43,0,0
BRDA:376,43,1,0
BRDA:381,44,0,0
BRDA:381,44,1,0
BRDA:381,45,0,0
BRDA:381,45,1,0
BRDA:381,45,2,0
BRDA:393,46,0,0
BRDA:393,46,1,0
BRDA:393,47,0,0
BRDA:393,47,1,0
BRDA:404,48,0,0
BRDA:404,48,1,0
BRDA:411,49,0,0
BRDA:411,49,1,0
BRDA:431,50,0,0
BRDA:431,50,1,0
BRDA:444,51,0,0
BRDA:444,51,1,0
BRDA:462,52,0,0
BRDA:462,52,1,0
BRDA:462,53,0,0
BRDA:462,53,1,0
BRDA:491,54,0,0
BRDA:491,54,1,0
BRDA:492,55,0,0
BRDA:492,55,1,0
BRDA:497,56,0,0
BRDA:497,56,1,0
BRDA:500,57,0,0
BRDA:500,57,1,0
BRDA:502,58,0,0
BRDA:502,58,1,0
BRDA:514,59,0,0
BRDA:514,59,1,0
BRDA:520,60,0,0
BRDA:520,60,1,0
BRDA:524,61,0,0
BRDA:524,61,1,0
BRDA:527,62,0,0
BRDA:527,62,1,0
BRDA:530,63,0,0
BRDA:530,63,1,0
BRDA:546,64,0,0
BRDA:546,64,1,0
BRDA:551,65,0,0
BRDA:551,65,1,0
BRDA:556,66,0,0
BRDA:556,66,1,0
BRDA:556,67,0,0
BRDA:556,67,1,0
BRDA:557,68,0,0
BRDA:557,68,1,0
BRDA:557,69,0,0
BRDA:557,69,1,0
BRDA:568,70,0,0
BRDA:568,70,1,0
BRDA:604,71,0,0
BRDA:604,71,1,0
BRDA:612,72,0,0
BRDA:612,72,1,0
BRDA:612,73,0,0
BRDA:612,73,1,0
BRDA:621,74,0,0
BRDA:621,74,1,0
BRDA:635,75,0,0
BRDA:635,75,1,0
BRDA:643,76,0,0
BRDA:643,76,1,0
BRDA:644,77,0,0
BRDA:644,77,1,0
BRDA:646,78,0,0
BRDA:646,78,1,0
BRDA:654,79,0,0
BRDA:654,79,1,0
BRDA:657,80,0,0
BRDA:657,80,1,0
BRDA:675,81,0,0
BRDA:675,81,1,0
BRDA:680,82,0,0
BRDA:680,82,1,0
BRDA:692,83,0,0
BRDA:692,83,1,0
BRDA:693,84,0,0
BRDA:693,84,1,0
BRDA:693,85,0,0
BRDA:693,85,1,0
BRDA:695,86,0,0
BRDA:695,86,1,0
BRDA:696,87,0,0
BRDA:696,87,1,0
BRDA:698,88,0,0
BRDA:698,88,1,0
BRDA:699,89,0,0
BRDA:699,89,1,0
BRDA:704,90,0,0
BRDA:704,90,1,0
BRDA:704,91,0,0
BRDA:704,91,1,0
BRDA:711,92,0,0
BRDA:711,92,1,0
BRDA:713,93,0,0
BRDA:713,93,1,0
BRDA:713,94,0,0
BRDA:713,94,1,0
BRDA:720,95,0,0
BRDA:720,95,1,0
BRDA:734,96,0,0
BRDA:734,96,1,0
BRDA:738,97,0,0
BRDA:738,97,1,0
BRDA:738,98,0,0
BRDA:738,98,1,0
BRDA:746,99,0,0
BRDA:746,99,1,0
BRDA:749,100,0,0
BRDA:749,100,1,0
BRDA:753,101,0,0
BRDA:753,101,1,0
BRDA:766,102,0,0
BRDA:766,102,1,0
BRDA:771,103,0,0
BRDA:771,103,1,0
BRDA:776,104,0,0
BRDA:776,104,1,0
BRDA:777,105,0,0
BRDA:777,105,1,0
BRDA:793,106,0,0
BRDA:793,106,1,0
BRDA:796,107,0,0
BRDA:796,107,1,0
BRDA:800,108,0,0
BRDA:800,108,1,0
BRDA:800,109,0,0
BRDA:800,109,1,0
BRDA:803,110,0,0
BRDA:803,110,1,0
BRDA:805,111,0,0
BRDA:805,111,1,0
BRDA:821,112,0,0
BRDA:821,112,1,0
BRDA:824,113,0,0
BRDA:824,113,1,0
BRDA:824,113,2,0
BRDA:825,114,0,0
BRDA:825,114,1,0
BRDA:826,115,0,0
BRDA:826,115,1,0
BRDA:831,116,0,0
BRDA:831,116,1,0
BRDA:834,117,0,0
BRDA:834,117,1,0
BRDA:841,118,0,0
BRDA:841,118,1,0
BRDA:842,119,0,0
BRDA:842,119,1,0
BRDA:843,120,0,0
BRDA:843,120,1,0
BRDA:846,121,0,0
BRDA:846,121,1,0
BRDA:854,122,0,0
BRDA:854,122,1,0
BRDA:855,123,0,0
BRDA:855,123,1,0
BRDA:856,124,0,0
BRDA:856,124,1,0
BRDA:860,125,0,0
BRDA:860,125,1,0
BRDA:860,126,0,0
BRDA:860,126,1,0
BRDA:861,127,0,0
BRDA:861,127,1,0
BRDA:869,128,0,0
BRDA:869,128,1,0
BRDA:875,129,0,0
BRDA:875,129,1,0
BRDA:906,130,0,0
BRDA:906,130,1,0
BRDA:910,131,0,0
BRDA:910,131,1,0
BRDA:910,132,0,0
BRDA:910,132,1,0
BRDA:913,133,0,0
BRDA:913,133,1,0
BRDA:915,134,0,0
BRDA:915,134,1,0
BRDA:916,135,0,0
BRDA:916,135,1,0
BRDA:921,136,0,0
BRDA:921,136,1,0
BRDA:922,137,0,0
BRDA:922,137,1,0
BRDA:927,138,0,0
BRDA:927,138,1,0
BRDA:927,139,0,0
BRDA:927,139,1,0
BRDA:928,140,0,0
BRDA:928,140,1,0
BRDA:935,141,0,0
BRDA:935,141,1,0
BRDA:937,142,0,0
BRDA:937,142,1,0
BRDA:939,143,0,0
BRDA:939,143,1,0
BRDA:947,144,0,0
BRDA:947,144,1,0
BRDA:956,145,0,0
BRDA:956,145,1,0
BRDA:958,146,0,0
BRDA:958,146,1,0
BRDA:960,147,0,0
BRDA:960,147,1,0
BRDA:963,148,0,0
BRDA:963,148,1,0
BRDA:964,149,0,0
BRDA:964,149,1,0
BRDA:974,150,0,0
BRDA:974,150,1,0
BRDA:977,151,0,0
BRDA:977,151,1,0
BRDA:977,152,0,0
BRDA:977,152,1,0
BRDA:980,153,0,0
BRDA:980,153,1,0
BRDA:983,154,0,0
BRDA:983,154,1,0
BRDA:984,155,0,0
BRDA:984,155,1,0
BRDA:997,156,0,0
BRDA:997,156,1,0
BRDA:1006,157,0,0
BRDA:1006,157,1,0
BRDA:1011,158,0,0
BRDA:1011,158,1,0
BRDA:1015,159,0,0
BRDA:1015,159,1,0
BRDA:1028,160,0,0
BRDA:1028,160,1,0
BRDA:1029,161,0,0
BRDA:1029,161,1,0
BRDA:1031,162,0,0
BRDA:1031,162,1,0
BRDA:1034,163,0,0
BRDA:1034,163,1,0
BRDA:1040,164,0,0
BRDA:1040,164,1,0
BRDA:1045,165,0,0
BRDA:1045,165,1,0
BRDA:1050,166,0,0
BRDA:1050,166,1,0
BRDA:1061,167,0,0
BRDA:1061,167,1,0
BRDA:1082,168,0,0
BRDA:1082,168,1,0
BRDA:1093,169,0,0
BRDA:1093,169,1,0
BRDA:1097,170,0,0
BRDA:1097,170,1,0
BRDA:1110,171,0,0
BRDA:1110,171,1,0
BRDA:1110,172,0,0
BRDA:1110,172,1,0
BRDA:1119,173,0,0
BRDA:1119,173,1,0
BRDA:1119,174,0,0
BRDA:1119,174,1,0
BRDA:1120,175,0,0
BRDA:1120,175,1,0
BRDA:1122,176,0,0
BRDA:1122,176,1,0
BRF:357
BRH:0
end_of_record
TN:
SF:src\actions\bootstrap.ts
FN:4,runBootstrapAction
FNF:1
FNH:0
FNDA:0,runBootstrapAction
DA:5,0
DA:6,0
LF:2
LH:0
BRF:0
BRH:0
end_of_record
TN:
SF:src\actions\check-drift.ts
FN:3,runCheckDriftAction
FNF:1
FNH:0
FNDA:0,runCheckDriftAction
DA:4,0
DA:5,0
DA:7,0
DA:8,0
DA:10,0
DA:11,0
DA:12,0
DA:13,0
DA:14,0
DA:15,0
DA:16,0
DA:18,0
DA:19,0
LF:13
LH:0
BRDA:3,0,0,0
BRDA:10,1,0,0
BRDA:10,1,1,0
BRDA:14,2,0,0
BRDA:14,2,1,0
BRF:5
BRH:0
end_of_record
TN:
SF:src\actions\check-freshness.ts
FN:3,runCheckFreshnessAction
FNF:1
FNH:0
FNDA:0,runCheckFreshnessAction
DA:4,0
DA:5,0
DA:6,0
DA:9,0
DA:11,0
DA:12,0
DA:23,0
DA:24,0
DA:25,0
DA:28,0
DA:30,0
DA:32,0
DA:33,0
DA:34,0
DA:35,0
DA:36,0
DA:37,0
DA:38,0
DA:40,0
DA:42,0
LF:20
LH:0
BRDA:3,0,0,0
BRDA:4,1,0,0
BRDA:4,1,1,0
BRDA:11,2,0,0
BRDA:11,2,1,0
BRDA:16,3,0,0
BRDA:16,3,1,0
BRDA:17,4,0,0
BRDA:17,4,1,0
BRDA:23,5,0,0
BRDA:23,5,1,0
BRDA:24,6,0,0
BRDA:24,6,1,0
BRDA:24,7,0,0
BRDA:24,7,1,0
BRDA:30,8,0,0
BRDA:30,8,1,0
BRDA:32,9,0,0
BRDA:32,9,1,0
BRDA:34,10,0,0
BRDA:34,10,1,0
BRDA:35,11,0,0
BRDA:35,11,1,0
BRDA:37,12,0,0
BRDA:37,12,1,0
BRF:25
BRH:0
end_of_record
TN:
SF:src\actions\check-hygiene.ts
FN:5,findFilesRecursive
FN:22,runCheckHygieneAction
FN:62,(anonymous_2)
FN:71,(anonymous_3)
FNF:4
FNH:3
FNDA:6,findFilesRecursive
FNDA:5,runCheckHygieneAction
FNDA:4,(anonymous_2)
FNDA:0,(anonymous_3)
DA:6,6
DA:7,6
DA:8,6
DA:9,6
DA:10,6
DA:11,2
DA:12,4
DA:13,1
DA:19,6
DA:23,5
DA:24,0
DA:25,0
DA:27,5
DA:30,5
DA:31,5
DA:32,1
DA:33,1
DA:34,1
DA:39,5
DA:43,5
DA:44,10
DA:45,1
DA:50,5
DA:51,5
DA:52,0
DA:56,5
DA:60,5
DA:61,10
DA:62,4
DA:63,4
DA:64,1
DA:69,5
DA:70,5
DA:71,1
DA:72,1
DA:73,0
DA:76,4
DA:79,5
DA:80,1
DA:81,1
DA:83,0
DA:86,4
DA:87,4
DA:89,0
DA:90,0
DA:91,0
DA:92,0
DA:94,4
DA:96,5
LF:49
LH:40
BRDA:10,0,0,2
BRDA:10,0,1,4
BRDA:12,1,0,1
BRDA:12,1,1,3
BRDA:12,2,0,4
BRDA:12,2,1,4
BRDA:22,3,0,5
BRDA:23,4,0,0
BRDA:23,4,1,5
BRDA:31,5,0,1
BRDA:31,5,1,4
BRDA:33,6,0,1
BRDA:33,6,1,0
BRDA:44,7,0,1
BRDA:44,7,1,9
BRDA:51,8,0,0
BRDA:51,8,1,5
BRDA:61,9,0,6
BRDA:61,9,1,4
BRDA:70,10,0,1
BRDA:70,10,1,4
BRDA:72,11,0,0
BRDA:72,11,1,1
BRDA:79,12,0,1
BRDA:79,12,1,4
BRDA:80,13,0,1
BRDA:80,13,1,0
BRDA:86,14,0,4
BRDA:86,14,1,0
BRDA:96,15,0,0
BRDA:96,15,1,5
BRF:31
BRH:24
end_of_record
TN:
SF:src\actions\compact-memory.ts
FN:5,runCompactMemoryAction
FNF:1
FNH:0
FNDA:0,runCompactMemoryAction
DA:6,0
DA:7,0
DA:9,0
DA:10,0
DA:11,0
DA:12,0
DA:13,0
DA:16,0
DA:17,0
DA:18,0
DA:19,0
DA:20,0
DA:21,0
DA:24,0
DA:25,0
DA:27,0
LF:16
LH:0
BRDA:10,0,0,0
BRDA:10,0,1,0
BRDA:24,1,0,0
BRDA:24,1,1,0
BRF:4
BRH:0
end_of_record
TN:
SF:src\actions\doctor.ts
FN:3,runDoctorAction
FNF:1
FNH:0
FNDA:0,runDoctorAction
DA:4,0
DA:5,0
DA:6,0
DA:14,0
DA:15,0
DA:17,0
DA:18,0
LF:7
LH:0
BRDA:3,0,0,0
BRDA:5,1,0,0
BRDA:5,1,1,0
BRDA:14,2,0,0
BRDA:14,2,1,0
BRDA:18,3,0,0
BRDA:18,3,1,0
BRF:7
BRH:0
end_of_record
TN:
SF:src\actions\init.ts
FN:20,formatStackSummary
FN:24,(anonymous_1)
FN:39,formatProfileDescription
FN:51,runWizardLogic
FN:106,runInitWizard
FN:108,(anonymous_5)
FN:108,(anonymous_6)
FNF:7
FNH:4
FNDA:4,formatStackSummary
FNDA:3,(anonymous_1)
FNDA:9,formatProfileDescription
FNDA:2,runWizardLogic
FNDA:0,runInitWizard
FNDA:0,(anonymous_5)
FNDA:0,(anonymous_6)
DA:18,1
DA:21,4
DA:22,4
DA:23,4
DA:24,3
DA:26,1
DA:28,4
DA:29,4
DA:30,4
DA:31,4
DA:33,4
DA:34,4
DA:36,4
DA:40,9
DA:42,3
DA:44,3
DA:46,3
DA:52,2
DA:53,2
DA:54,2
DA:56,2
DA:58,2
DA:59,2
DA:60,6
DA:61,6
DA:63,2
DA:65,2
DA:66,2
DA:67,2
DA:68,2
DA:69,1
DA:70,0
DA:71,0
DA:74,2
DA:75,2
DA:76,2
DA:77,2
DA:78,1
DA:79,1
DA:80,1
DA:81,1
DA:82,1
DA:83,1
DA:84,1
DA:85,1
DA:86,1
DA:88,0
DA:89,0
DA:90,0
DA:91,0
DA:93,2
DA:95,2
DA:96,2
DA:97,1
DA:98,1
DA:101,1
DA:102,1
DA:107,0
DA:108,0
DA:109,0
DA:110,0
DA:112,0
LF:62
LH:51
BRDA:23,0,0,3
BRDA:23,0,1,1
BRDA:29,1,0,4
BRDA:29,1,1,0
BRDA:30,2,0,4
BRDA:30,2,1,0
BRDA:33,3,0,4
BRDA:33,3,1,0
BRDA:40,4,0,3
BRDA:40,4,1,3
BRDA:40,4,2,3
BRDA:60,5,0,2
BRDA:60,5,1,4
BRDA:68,6,0,1
BRDA:68,6,1,1
BRDA:68,7,0,2
BRDA:68,7,1,2
BRDA:69,8,0,1
BRDA:69,8,1,0
BRDA:70,9,0,0
BRDA:70,9,1,0
BRDA:77,10,0,1
BRDA:77,10,1,1
BRDA:81,11,0,1
BRDA:81,11,1,0
BRDA:96,12,0,1
BRDA:96,12,1,1
BRDA:96,13,0,2
BRDA:96,13,1,1
BRF:29
BRH:22
end_of_record
TN:
SF:src\actions\plan.ts
FN:4,runPlanAction
FNF:1
FNH:0
FNDA:0,runPlanAction
DA:5,0
LF:1
LH:0
BRF:0
BRH:0
end_of_record
TN:
SF:src\actions\preview.ts
FN:4,runPreviewAction
FNF:1
FNH:0
FNDA:0,runPreviewAction
DA:5,0
DA:6,0
DA:7,0
LF:3
LH:0
BRF:0
BRH:0
end_of_record
TN:
SF:src\actions\rollback.ts
FN:10,runRollbackAction
FNF:1
FNH:0
FNDA:0,runRollbackAction
DA:14,0
DA:16,0
DA:17,0
DA:18,0
DA:20,0
DA:21,0
DA:23,0
DA:26,0
DA:27,0
DA:28,0
DA:30,0
DA:31,0
DA:32,0
DA:33,0
DA:34,0
DA:36,0
DA:37,0
DA:38,0
DA:41,0
DA:43,0
DA:44,0
DA:45,0
DA:48,0
DA:49,0
DA:50,0
DA:53,0
DA:54,0
DA:56,0
DA:57,0
DA:58,0
DA:59,0
LF:31
LH:0
BRDA:12,0,0,0
BRDA:16,1,0,0
BRDA:16,1,1,0
BRDA:17,2,0,0
BRDA:17,2,1,0
BRDA:26,3,0,0
BRDA:26,3,1,0
BRDA:30,4,0,0
BRDA:30,4,1,0
BRDA:33,5,0,0
BRDA:33,5,1,0
BRDA:43,6,0,0
BRDA:43,6,1,0
BRDA:48,7,0,0
BRDA:48,7,1,0
BRF:15
BRH:0
end_of_record
TN:
SF:src\actions\summary.ts
FN:19,buildGenerationSummary
FN:30,formatGenerationSummary
FNF:2
FNH:2
FNDA:5,buildGenerationSummary
FNDA:4,formatGenerationSummary
DA:20,5
DA:31,4
DA:32,4
DA:36,4
DA:37,1
DA:39,4
DA:40,0
DA:42,4
DA:43,4
LF:9
LH:8
BRDA:36,0,0,1
BRDA:36,0,1,3
BRDA:39,1,0,0
BRDA:39,1,1,4
BRF:4
BRH:3
end_of_record
TN:
SF:src\cli\args.ts
FN:28,parseArgs
FNF:1
FNH:1
FNDA:28,parseArgs
DA:29,28
DA:30,28
DA:31,28
DA:32,28
DA:33,28
DA:34,28
DA:35,28
DA:36,28
DA:37,28
DA:38,28
DA:39,28
DA:40,28
DA:41,28
DA:42,28
DA:43,28
DA:46,28
DA:47,27
DA:48,1
DA:49,1
DA:50,26
DA:51,1
DA:52,25
DA:53,1
DA:54,24
DA:55,1
DA:56,23
DA:57,1
DA:58,22
DA:59,1
DA:60,21
DA:61,1
DA:62,20
DA:63,1
DA:64,19
DA:65,1
DA:66,18
DA:67,1
DA:68,17
DA:70,1
DA:71,1
DA:72,16
DA:73,1
DA:74,15
DA:75,1
DA:76,14
DA:77,1
DA:78,13
DA:79,1
DA:80,12
DA:81,1
DA:82,11
DA:83,1
DA:84,10
DA:85,1
DA:86,9
DA:87,0
DA:88,9
DA:89,1
DA:90,8
DA:91,1
DA:92,1
DA:93,7
DA:94,0
DA:95,7
DA:96,0
DA:97,7
DA:98,2
DA:99,5
DA:100,1
DA:101,4
DA:102,1
DA:103,3
DA:104,2
DA:105,2
DA:106,1
DA:107,1
DA:108,1
DA:109,1
DA:110,1
DA:111,1
DA:112,1
DA:113,0
DA:114,0
DA:115,0
DA:116,0
DA:117,0
DA:118,0
DA:119,0
DA:120,0
DA:121,0
DA:122,0
DA:123,0
DA:124,0
DA:125,0
DA:126,0
DA:127,0
DA:128,0
DA:129,0
DA:130,0
DA:131,0
DA:132,0
DA:136,26
LF:102
LH:79
BRDA:47,0,0,1
BRDA:47,0,1,26
BRDA:47,1,0,27
BRDA:47,1,1,2
BRDA:50,2,0,1
BRDA:50,2,1,25
BRDA:50,3,0,26
BRDA:50,3,1,1
BRDA:52,4,0,1
BRDA:52,4,1,24
BRDA:54,5,0,1
BRDA:54,5,1,23
BRDA:56,6,0,1
BRDA:56,6,1,22
BRDA:58,7,0,1
BRDA:58,7,1,21
BRDA:60,8,0,1
BRDA:60,8,1,20
BRDA:62,9,0,1
BRDA:62,9,1,19
BRDA:64,10,0,1
BRDA:64,10,1,18
BRDA:66,11,0,1
BRDA:66,11,1,17
BRDA:68,12,0,1
BRDA:68,12,1,16
BRDA:72,13,0,1
BRDA:72,13,1,15
BRDA:74,14,0,1
BRDA:74,14,1,14
BRDA:76,15,0,1
BRDA:76,15,1,13
BRDA:78,16,0,1
BRDA:78,16,1,12
BRDA:80,17,0,1
BRDA:80,17,1,11
BRDA:82,18,0,1
BRDA:82,18,1,10
BRDA:84,19,0,1
BRDA:84,19,1,9
BRDA:86,20,0,0
BRDA:86,20,1,9
BRDA:88,21,0,1
BRDA:88,21,1,8
BRDA:90,22,0,1
BRDA:90,22,1,7
BRDA:93,23,0,0
BRDA:93,23,1,7
BRDA:95,24,0,0
BRDA:95,24,1,7
BRDA:97,25,0,2
BRDA:97,25,1,5
BRDA:97,26,0,7
BRDA:97,26,1,6
BRDA:99,27,0,1
BRDA:99,27,1,4
BRDA:101,28,0,1
BRDA:101,28,1,3
BRDA:103,29,0,2
BRDA:103,29,1,1
BRDA:103,30,0,3
BRDA:103,30,1,2
BRDA:105,31,0,1
BRDA:105,31,1,1
BRDA:108,32,0,1
BRDA:108,32,1,0
BRDA:111,33,0,0
BRDA:111,33,1,1
BRDA:113,34,0,0
BRDA:113,34,1,0
BRDA:113,35,0,0
BRDA:113,35,1,0
BRDA:115,36,0,0
BRDA:115,36,1,0
BRDA:116,37,0,0
BRDA:116,37,1,0
BRDA:118,38,0,0
BRDA:118,38,1,0
BRDA:121,39,0,0
BRDA:121,39,1,0
BRDA:122,40,0,0
BRDA:122,40,1,0
BRDA:123,41,0,0
BRDA:123,41,1,0
BRDA:123,42,0,0
BRDA:123,42,1,0
BRDA:125,43,0,0
BRDA:125,43,1,0
BRDA:128,44,0,0
BRDA:128,44,1,0
BRDA:131,45,0,0
BRDA:131,45,1,0
BRF:92
BRH:63
end_of_record
TN:
SF:src\cli\dispatch.ts
FN:14,printBanner
FN:25,main
FNF:2
FNH:0
FNDA:0,printBanner
FNDA:0,main
DA:15,0
DA:16,0
DA:17,0
DA:18,0
DA:19,0
DA:20,0
DA:21,0
DA:22,0
DA:26,0
DA:27,0
DA:30,0
DA:31,0
DA:35,0
DA:36,0
DA:37,0
DA:40,0
DA:41,0
DA:42,0
DA:45,0
DA:46,0
DA:47,0
DA:50,0
DA:51,0
DA:52,0
DA:55,0
DA:56,0
DA:57,0
DA:60,0
DA:61,0
DA:62,0
DA:63,0
DA:64,0
DA:68,0
DA:69,0
DA:70,0
DA:71,0
DA:74,0
DA:75,0
DA:76,0
DA:80,0
LF:40
LH:0
BRDA:30,0,0,0
BRDA:30,0,1,0
BRDA:35,1,0,0
BRDA:35,1,1,0
BRDA:40,2,0,0
BRDA:40,2,1,0
BRDA:45,3,0,0
BRDA:45,3,1,0
BRDA:50,4,0,0
BRDA:50,4,1,0
BRDA:55,5,0,0
BRDA:55,5,1,0
BRDA:60,6,0,0
BRDA:60,6,1,0
BRDA:63,7,0,0
BRDA:63,7,1,0
BRDA:68,8,0,0
BRDA:68,8,1,0
BRDA:74,9,0,0
BRDA:74,9,1,0
BRF:20
BRH:0
end_of_record
TN:
SF:src\detectors\drift.ts
FN:5,globFiles
FN:10,(anonymous_1)
FN:11,(anonymous_2)
FN:50,detectSemanticDrift
FN:102,detectDrift
FN:119,(anonymous_5)
FN:135,(anonymous_6)
FN:223,(anonymous_7)
FN:224,(anonymous_8)
FN:292,formatDriftReport
FN:321,(anonymous_10)
FN:322,(anonymous_11)
FNF:12
FNH:9
FNDA:18,globFiles
FNDA:4,(anonymous_1)
FNDA:4,(anonymous_2)
FNDA:16,detectSemanticDrift
FNDA:16,detectDrift
FNDA:32,(anonymous_5)
FNDA:0,(anonymous_6)
FNDA:2,(anonymous_7)
FNDA:2,(anonymous_8)
FNDA:1,formatDriftReport
FNDA:0,(anonymous_10)
FNDA:0,(anonymous_11)
DA:6,18
DA:7,18
DA:8,4
DA:9,4
DA:10,4
DA:11,4
DA:13,0
DA:36,2
DA:42,2
DA:43,2
DA:51,16
DA:52,16
DA:54,16
DA:55,2
DA:56,2
DA:60,2
DA:62,2
DA:63,2
DA:64,2
DA:65,1
DA:77,16
DA:78,16
DA:79,2
DA:80,2
DA:81,2
DA:84,2
DA:85,2
DA:86,2
DA:87,2
DA:89,2
DA:90,1
DA:103,16
DA:104,16
DA:105,16
DA:106,16
DA:109,16
DA:110,48
DA:111,38
DA:113,10
DA:118,16
DA:119,32
DA:120,16
DA:121,15
DA:129,1
DA:130,1
DA:131,1
DA:132,1
DA:133,1
DA:134,1
DA:135,1
DA:136,1
DA:137,0
DA:138,0
DA:139,0
DA:146,0
DA:150,1
DA:152,0
DA:158,16
DA:159,16
DA:160,4
DA:161,4
DA:162,4
DA:163,1
DA:174,16
DA:175,16
DA:176,16
DA:177,2
DA:178,2
DA:179,2
DA:180,2
DA:181,2
DA:182,2
DA:183,1
DA:191,1
DA:195,0
DA:200,16
DA:201,16
DA:202,2
DA:203,2
DA:204,2
DA:205,2
DA:206,2
DA:207,0
DA:215,2
DA:220,16
DA:221,16
DA:223,2
DA:224,2
DA:227,16
DA:228,0
DA:229,0
DA:230,0
DA:231,0
DA:243,16
DA:244,16
DA:245,6
DA:246,6
DA:247,6
DA:248,3
DA:249,3
DA:250,3
DA:251,1
DA:259,2
DA:260,2
DA:261,2
DA:262,1
DA:270,1
DA:279,16
DA:281,16
DA:282,16
DA:293,1
DA:298,1
DA:299,1
DA:300,1
DA:301,0
DA:302,0
DA:303,0
DA:305,1
DA:308,0
DA:309,0
DA:311,0
DA:312,0
DA:313,0
DA:314,0
DA:315,0
DA:317,0
DA:320,0
DA:321,0
DA:322,0
DA:324,0
DA:325,0
DA:326,0
DA:327,0
DA:328,0
DA:330,0
DA:333,0
DA:334,0
DA:335,0
DA:336,0
DA:337,0
DA:339,0
DA:343,0
DA:344,0
DA:345,0
DA:346,0
DA:348,0
DA:351,0
DA:352,0
DA:353,0
DA:356,0
LF:150
LH:103
BRDA:7,0,0,14
BRDA:7,0,1,4
BRDA:54,1,0,2
BRDA:54,1,1,14
BRDA:54,2,0,16
BRDA:54,2,1,6
BRDA:62,3,0,2
BRDA:62,3,1,0
BRDA:64,4,0,1
BRDA:64,4,1,1
BRDA:78,5,0,2
BRDA:78,5,1,14
BRDA:81,6,0,2
BRDA:81,6,1,0
BRDA:81,7,0,2
BRDA:81,7,1,2
BRDA:85,8,0,2
BRDA:85,8,1,0
BRDA:89,9,0,1
BRDA:89,9,1,1
BRDA:110,10,0,38
BRDA:110,10,1,10
BRDA:120,11,0,15
BRDA:120,11,1,1
BRDA:132,12,0,1
BRDA:132,12,1,1
BRDA:132,12,2,0
BRDA:135,13,0,1
BRDA:135,13,1,0
BRDA:136,14,0,0
BRDA:136,14,1,1
BRDA:138,15,0,0
BRDA:138,15,1,0
BRDA:150,16,0,1
BRDA:150,16,1,0
BRDA:159,17,0,4
BRDA:159,17,1,12
BRDA:162,18,0,1
BRDA:162,18,1,3
BRDA:176,19,0,2
BRDA:176,19,1,14
BRDA:179,20,0,2
BRDA:179,20,1,0
BRDA:180,21,0,2
BRDA:180,21,1,0
BRDA:182,22,0,1
BRDA:182,22,1,1
BRDA:204,23,0,0
BRDA:204,23,1,2
BRDA:204,24,0,2
BRDA:204,24,1,0
BRDA:205,25,0,0
BRDA:205,25,1,2
BRDA:205,26,0,2
BRDA:205,26,1,0
BRDA:206,27,0,0
BRDA:206,27,1,2
BRDA:221,28,0,2
BRDA:221,28,1,14
BRDA:227,29,0,0
BRDA:227,29,1,16
BRDA:227,30,0,16
BRDA:227,30,1,2
BRDA:230,31,0,0
BRDA:230,31,1,0
BRDA:244,32,0,6
BRDA:244,32,1,10
BRDA:247,33,0,3
BRDA:247,33,1,3
BRDA:247,34,0,6
BRDA:247,34,1,3
BRDA:250,35,0,1
BRDA:250,35,1,2
BRDA:261,36,0,1
BRDA:261,36,1,1
BRDA:292,37,0,1
BRDA:298,38,0,1
BRDA:298,38,1,0
BRDA:300,39,0,0
BRDA:300,39,1,1
BRDA:300,40,0,1
BRDA:300,40,1,0
BRDA:311,41,0,0
BRDA:311,41,1,0
BRDA:315,42,0,0
BRDA:315,42,1,0
BRDA:320,43,0,0
BRDA:320,43,1,0
BRDA:324,44,0,0
BRDA:324,44,1,0
BRDA:328,45,0,0
BRDA:328,45,1,0
BRDA:333,46,0,0
BRDA:333,46,1,0
BRDA:337,47,0,0
BRDA:337,47,1,0
BRDA:343,48,0,0
BRDA:343,48,1,0
BRDA:351,49,0,0
BRDA:351,49,1,0
BRDA:351,50,0,0
BRDA:351,50,1,0
BRF:102
BRH:60
end_of_record
TN:
SF:src\detectors\framework.ts
FN:14,readJson
FN:22,readFile
FN:30,allDeps
FN:34,detectFromPackageJson
FN:100,detectFromPython
FN:102,(anonymous_5)
FN:121,detectFromGo
FN:141,detectFromRust
FN:159,detectFromJava
FN:178,detectFromDotnet
FN:180,(anonymous_10)
FN:181,(anonymous_11)
FN:193,detectFromRuby
FN:206,detectFromPhp
FN:235,detectBun
FN:253,detectDeno
FN:255,(anonymous_16)
FN:261,detectFrameworks
FN:277,(anonymous_18)
FNF:19
FNH:19
FNDA:196,readJson
FNDA:748,readFile
FNDA:42,allDeps
FNDA:68,detectFromPackageJson
FNDA:68,detectFromPython
FNDA:340,(anonymous_5)
FNDA:68,detectFromGo
FNDA:68,detectFromRust
FNDA:68,detectFromJava
FNDA:68,detectFromDotnet
FNDA:125,(anonymous_10)
FNDA:125,(anonymous_11)
FNDA:68,detectFromRuby
FNDA:68,detectFromPhp
FNDA:68,detectBun
FNDA:68,detectDeno
FNDA:272,(anonymous_16)
FNDA:68,detectFrameworks
FNDA:62,(anonymous_18)
DA:15,196
DA:16,196
DA:18,112
DA:23,748
DA:24,748
DA:26,730
DA:31,42
DA:35,68
DA:36,68
DA:37,68
DA:39,42
DA:40,42
DA:42,42
DA:43,8
DA:44,34
DA:45,1
DA:46,1
DA:47,33
DA:48,0
DA:49,33
DA:50,5
DA:51,0
DA:53,5
DA:55,28
DA:56,0
DA:57,28
DA:58,0
DA:59,28
DA:60,1
DA:61,27
DA:62,0
DA:63,27
DA:64,0
DA:65,27
DA:66,0
DA:69,42
DA:70,0
DA:71,42
DA:72,4
DA:73,38
DA:74,1
DA:75,37
DA:76,1
DA:77,36
DA:78,1
DA:81,42
DA:82,6
DA:84,42
DA:85,7
DA:87,42
DA:88,0
DA:91,42
DA:92,0
DA:93,42
DA:94,0
DA:97,42
DA:101,68
DA:102,340
DA:104,68
DA:106,68
DA:108,68
DA:109,2
DA:110,66
DA:111,5
DA:112,61
DA:113,1
DA:114,60
DA:115,1
DA:118,68
DA:122,68
DA:123,68
DA:125,4
DA:126,4
DA:127,3
DA:128,1
DA:129,0
DA:130,1
DA:131,0
DA:132,1
DA:133,0
DA:135,1
DA:138,4
DA:142,68
DA:143,68
DA:145,0
DA:146,0
DA:147,0
DA:148,0
DA:149,0
DA:150,0
DA:151,0
DA:153,0
DA:156,0
DA:160,68
DA:161,68
DA:162,68
DA:164,68
DA:166,5
DA:167,0
DA:168,5
DA:169,1
DA:170,4
DA:171,1
DA:174,3
DA:175,0
DA:179,68
DA:180,125
DA:181,125
DA:183,68
DA:185,0
DA:186,68
DA:187,0
DA:190,0
DA:194,68
DA:195,68
DA:197,0
DA:198,0
DA:199,0
DA:200,0
DA:203,0
DA:208,68
DA:209,68
DA:210,68
DA:211,68
DA:213,68
DA:216,68
DA:217,7
DA:220,61
DA:221,61
DA:223,0
DA:224,0
DA:225,0
DA:226,0
DA:227,0
DA:228,0
DA:229,0
DA:232,0
DA:237,68
DA:238,1
DA:245,67
DA:246,67
DA:247,1
DA:250,66
DA:254,68
DA:255,272
DA:256,0
DA:258,68
DA:262,68
DA:276,68
DA:277,68
DA:278,62
DA:279,62
DA:280,62
LF:153
LH:111
BRDA:37,0,0,26
BRDA:37,0,1,42
BRDA:42,1,0,8
BRDA:42,1,1,34
BRDA:44,2,0,1
BRDA:44,2,1,33
BRDA:44,3,0,34
BRDA:44,3,1,33
BRDA:45,4,0,1
BRDA:45,4,1,0
BRDA:47,5,0,0
BRDA:47,5,1,33
BRDA:47,6,0,33
BRDA:47,6,1,33
BRDA:49,7,0,5
BRDA:49,7,1,28
BRDA:50,8,0,0
BRDA:50,8,1,5
BRDA:50,9,0,5
BRDA:50,9,1,5
BRDA:55,10,0,0
BRDA:55,10,1,28
BRDA:57,11,0,0
BRDA:57,11,1,28
BRDA:59,12,0,1
BRDA:59,12,1,27
BRDA:61,13,0,0
BRDA:61,13,1,27
BRDA:63,14,0,0
BRDA:63,14,1,27
BRDA:65,15,0,0
BRDA:65,15,1,27
BRDA:69,16,0,0
BRDA:69,16,1,42
BRDA:71,17,0,4
BRDA:71,17,1,38
BRDA:73,18,0,1
BRDA:73,18,1,37
BRDA:75,19,0,1
BRDA:75,19,1,36
BRDA:77,20,0,1
BRDA:77,20,1,35
BRDA:81,21,0,6
BRDA:81,21,1,36
BRDA:84,22,0,7
BRDA:84,22,1,35
BRDA:84,23,0,42
BRDA:84,23,1,35
BRDA:87,24,0,0
BRDA:87,24,1,42
BRDA:91,25,0,0
BRDA:91,25,1,42
BRDA:93,26,0,0
BRDA:93,26,1,42
BRDA:104,27,0,0
BRDA:104,27,1,68
BRDA:108,28,0,2
BRDA:108,28,1,66
BRDA:110,29,0,5
BRDA:110,29,1,61
BRDA:112,30,0,1
BRDA:112,30,1,60
BRDA:114,31,0,1
BRDA:114,31,1,59
BRDA:123,32,0,64
BRDA:123,32,1,4
BRDA:126,33,0,3
BRDA:126,33,1,1
BRDA:128,34,0,0
BRDA:128,34,1,1
BRDA:130,35,0,0
BRDA:130,35,1,1
BRDA:132,36,0,0
BRDA:132,36,1,1
BRDA:143,37,0,68
BRDA:143,37,1,0
BRDA:146,38,0,0
BRDA:146,38,1,0
BRDA:148,39,0,0
BRDA:148,39,1,0
BRDA:150,40,0,0
BRDA:150,40,1,0
BRDA:164,41,0,63
BRDA:164,41,1,5
BRDA:166,42,0,0
BRDA:166,42,1,5
BRDA:166,43,0,5
BRDA:166,43,1,5
BRDA:168,44,0,1
BRDA:168,44,1,4
BRDA:170,45,0,1
BRDA:170,45,1,3
BRDA:174,46,0,3
BRDA:174,46,1,0
BRDA:183,47,0,68
BRDA:183,47,1,0
BRDA:183,48,0,68
BRDA:183,48,1,68
BRDA:185,49,0,0
BRDA:185,49,1,0
BRDA:186,50,0,0
BRDA:186,50,1,68
BRDA:186,51,0,68
BRDA:186,51,1,0
BRDA:195,52,0,68
BRDA:195,52,1,0
BRDA:197,53,0,0
BRDA:197,53,1,0
BRDA:199,54,0,0
BRDA:199,54,1,0
BRDA:213,55,0,68
BRDA:213,55,1,2
BRDA:216,56,0,7
BRDA:216,56,1,61
BRDA:216,57,0,68
BRDA:216,57,1,62
BRDA:216,57,2,1
BRDA:216,57,3,61
BRDA:221,58,0,61
BRDA:221,58,1,0
BRDA:224,59,0,0
BRDA:224,59,1,0
BRDA:226,60,0,0
BRDA:226,60,1,0
BRDA:226,61,0,0
BRDA:226,61,1,0
BRDA:228,62,0,0
BRDA:228,62,1,0
BRDA:237,63,0,1
BRDA:237,63,1,67
BRDA:246,64,0,1
BRDA:246,64,1,66
BRDA:255,65,0,0
BRDA:255,65,1,68
BRDA:278,66,0,0
BRDA:278,66,1,62
BRF:136
BRH:90
end_of_record
TN:
SF:src\detectors\freshness.ts
FN:93,hashFile
FN:102,hashDirectory
FN:106,walk
FN:113,(anonymous_3)
FN:136,captureContextSnapshot
FN:169,loadContextSnapshot
FN:180,writeContextSnapshot
FN:189,computeFreshnessReport
FN:289,(anonymous_8)
FN:292,(anonymous_9)
FN:295,(anonymous_10)
FN:315,formatFreshnessReport
FNF:12
FNH:12
FNDA:323,hashFile
FNDA:1,hashDirectory
FNDA:15,walk
FNDA:190,(anonymous_3)
FNDA:11,captureContextSnapshot
FNDA:13,loadContextSnapshot
FNDA:8,writeContextSnapshot
FNDA:10,computeFreshnessReport
FNDA:3,(anonymous_8)
FNDA:4,(anonymous_9)
FNDA:4,(anonymous_10)
FNDA:3,formatFreshnessReport
DA:58,30
DA:68,30
DA:89,30
DA:94,323
DA:95,323
DA:96,323
DA:98,1
DA:103,1
DA:104,1
DA:108,15
DA:109,15
DA:111,0
DA:113,190
DA:114,199
DA:115,199
DA:116,14
DA:117,14
DA:118,185
DA:119,185
DA:120,185
DA:125,1
DA:126,1
DA:127,1
DA:137,11
DA:138,11
DA:139,66
DA:142,11
DA:143,11
DA:144,198
DA:145,198
DA:146,11
DA:151,11
DA:152,11
DA:153,11
DA:154,0
DA:155,0
DA:156,0
DA:159,11
DA:170,13
DA:171,13
DA:172,10
DA:173,10
DA:175,1
DA:181,8
DA:182,8
DA:190,10
DA:193,10
DA:194,10
DA:195,10
DA:196,10
DA:197,9
DA:198,9
DA:202,10
DA:203,2
DA:217,8
DA:218,8
DA:219,8
DA:221,8
DA:222,48
DA:223,48
DA:224,48
DA:225,44
DA:227,4
DA:232,8
DA:233,8
DA:234,8
DA:236,8
DA:237,14
DA:238,14
DA:240,14
DA:241,1
DA:243,13
DA:245,14
DA:246,9
DA:248,5
DA:253,8
DA:254,8
DA:255,8
DA:259,10
DA:260,3
DA:261,5
DA:262,4
DA:264,1
DA:268,8
DA:269,8
DA:271,8
DA:272,1
DA:276,7
DA:277,2
DA:281,5
DA:282,2
DA:289,8
DA:290,3
DA:292,8
DA:293,1
DA:295,8
DA:296,0
DA:299,8
DA:300,3
DA:303,8
DA:316,3
DA:317,3
DA:324,3
DA:331,3
DA:332,2
DA:334,3
DA:335,2
DA:337,3
DA:339,3
DA:340,1
DA:341,1
DA:342,1
DA:344,1
DA:347,3
DA:348,1
DA:349,1
DA:350,3
DA:352,1
DA:355,3
DA:356,3
DA:357,3
DA:358,4
DA:360,3
DA:363,3
LF:124
LH:119
BRDA:115,0,0,14
BRDA:115,0,1,185
BRDA:116,1,0,0
BRDA:116,1,1,14
BRDA:118,2,0,185
BRDA:118,2,1,0
BRDA:145,3,0,11
BRDA:145,3,1,187
BRDA:153,4,0,0
BRDA:153,4,1,11
BRDA:171,5,0,3
BRDA:171,5,1,10
BRDA:196,6,0,9
BRDA:196,6,1,1
BRDA:198,7,0,9
BRDA:198,7,1,0
BRDA:202,8,0,2
BRDA:202,8,1,8
BRDA:224,9,0,44
BRDA:224,9,1,4
BRDA:238,10,0,1
BRDA:238,10,1,13
BRDA:240,11,0,1
BRDA:240,11,1,13
BRDA:240,12,0,14
BRDA:240,12,1,1
BRDA:245,13,0,9
BRDA:245,13,1,5
BRDA:255,14,0,8
BRDA:255,14,1,0
BRDA:259,15,0,3
BRDA:259,15,1,5
BRDA:261,16,0,4
BRDA:261,16,1,1
BRDA:271,17,0,1
BRDA:271,17,1,7
BRDA:271,18,0,8
BRDA:271,18,1,3
BRDA:276,19,0,2
BRDA:276,19,1,5
BRDA:281,20,0,2
BRDA:281,20,1,3
BRDA:289,21,0,3
BRDA:289,21,1,5
BRDA:292,22,0,1
BRDA:292,22,1,7
BRDA:295,23,0,0
BRDA:295,23,1,8
BRDA:299,24,0,3
BRDA:299,24,1,5
BRDA:299,25,0,8
BRDA:299,25,1,3
BRDA:331,26,0,2
BRDA:331,26,1,1
BRDA:334,27,0,2
BRDA:334,27,1,1
BRDA:339,28,0,1
BRDA:339,28,1,2
BRDA:347,29,0,1
BRDA:347,29,1,2
BRDA:355,30,0,3
BRDA:355,30,1,0
BRF:62
BRH:55
end_of_record
TN:
SF:src\detectors\graph.ts
FN:16,collectSourceFiles
FN:37,parseImports
FN:78,parseExports
FN:91,(anonymous_3)
FN:100,resolveImportPath
FN:135,buildDependencyGraph
FN:174,getTransitiveDependents
FNF:7
FNH:2
FNDA:10,collectSourceFiles
FNDA:0,parseImports
FNDA:0,parseExports
FNDA:0,(anonymous_3)
FNDA:0,resolveImportPath
FNDA:10,buildDependencyGraph
FNDA:0,getTransitiveDependents
DA:5,3
DA:11,3
DA:17,10
DA:18,10
DA:19,10
DA:20,10
DA:21,10
DA:22,0
DA:23,0
DA:24,0
DA:25,0
DA:26,0
DA:27,0
DA:28,0
DA:29,0
DA:34,10
DA:38,0
DA:39,0
DA:41,0
DA:42,0
DA:44,0
DA:45,0
DA:46,0
DA:47,0
DA:48,0
DA:49,0
DA:50,0
DA:55,0
DA:56,0
DA:58,0
DA:59,0
DA:63,0
DA:64,0
DA:66,0
DA:67,0
DA:68,0
DA:70,0
DA:71,0
DA:75,0
DA:79,0
DA:81,0
DA:82,0
DA:84,0
DA:85,0
DA:87,0
DA:88,0
DA:89,0
DA:91,0
DA:93,0
DA:97,0
DA:101,0
DA:103,0
DA:104,0
DA:105,0
DA:106,0
DA:109,0
DA:110,0
DA:111,0
DA:115,0
DA:116,0
DA:117,0
DA:118,0
DA:119,0
DA:124,0
DA:125,0
DA:126,0
DA:127,0
DA:128,0
DA:132,0
DA:136,10
DA:137,10
DA:139,10
DA:140,0
DA:143,10
DA:144,0
DA:145,0
DA:146,0
DA:148,0
DA:150,0
DA:151,0
DA:152,0
DA:153,0
DA:154,0
DA:155,0
DA:157,0
DA:158,0
DA:160,0
DA:161,0
DA:167,10
DA:179,0
DA:180,0
DA:182,0
DA:183,0
DA:184,0
DA:186,0
DA:187,0
DA:189,0
DA:190,0
DA:191,0
DA:192,0
DA:197,0
DA:198,0
LF:102
LH:13
BRDA:21,0,0,10
BRDA:21,0,1,0
BRDA:22,1,0,0
BRDA:22,1,1,0
BRDA:24,2,0,0
BRDA:24,2,1,0
BRDA:26,3,0,0
BRDA:26,3,1,0
BRDA:27,4,0,0
BRDA:27,4,1,0
BRDA:28,5,0,0
BRDA:28,5,1,0
BRDA:39,6,0,0
BRDA:39,6,1,0
BRDA:41,7,0,0
BRDA:41,7,1,0
BRDA:46,8,0,0
BRDA:46,8,1,0
BRDA:47,9,0,0
BRDA:47,9,1,0
BRDA:55,10,0,0
BRDA:55,10,1,0
BRDA:63,11,0,0
BRDA:63,11,1,0
BRDA:68,12,0,0
BRDA:68,12,1,0
BRDA:81,13,0,0
BRDA:81,13,1,0
BRDA:91,14,0,0
BRDA:91,14,1,0
BRDA:101,15,0,0
BRDA:101,15,1,0
BRDA:106,16,0,0
BRDA:106,16,1,0
BRDA:111,17,0,0
BRDA:111,17,1,0
BRDA:115,18,0,0
BRDA:115,18,1,0
BRDA:119,19,0,0
BRDA:119,19,1,0
BRDA:124,20,0,0
BRDA:124,20,1,0
BRDA:128,21,0,0
BRDA:128,21,1,0
BRDA:146,22,0,0
BRDA:146,22,1,0
BRDA:153,23,0,0
BRDA:153,23,1,0
BRDA:153,24,0,0
BRDA:153,24,1,0
BRDA:154,25,0,0
BRDA:154,25,1,0
BRDA:157,26,0,0
BRDA:157,26,1,0
BRDA:160,27,0,0
BRDA:160,27,1,0
BRDA:177,28,0,0
BRDA:184,29,0,0
BRDA:184,29,1,0
BRDA:187,30,0,0
BRDA:187,30,1,0
BRDA:190,31,0,0
BRDA:190,31,1,0
BRF:63
BRH:1
end_of_record
TN:
SF:src\detectors\language.ts
FN:48,walkDir
FN:65,detectLanguages
FN:79,(anonymous_2)
FN:82,(anonymous_3)
FN:88,(anonymous_4)
FNF:5
FNH:5
FNDA:97,walkDir
FNDA:49,detectLanguages
FNDA:60,(anonymous_2)
FNDA:60,(anonymous_3)
FNDA:12,(anonymous_4)
DA:5,5
DA:39,5
DA:49,97
DA:50,97
DA:51,97
DA:52,97
DA:53,162
DA:54,162
DA:55,159
DA:56,159
DA:57,48
DA:58,111
DA:59,111
DA:62,97
DA:66,49
DA:67,49
DA:69,49
DA:70,111
DA:71,111
DA:72,110
DA:73,110
DA:74,96
DA:75,96
DA:76,96
DA:79,60
DA:81,49
DA:82,60
DA:88,12
LF:28
LH:28
BRDA:48,0,0,97
BRDA:48,1,0,97
BRDA:49,2,0,0
BRDA:49,2,1,97
BRDA:53,3,0,0
BRDA:53,3,1,162
BRDA:54,4,0,3
BRDA:54,4,1,159
BRDA:56,5,0,48
BRDA:56,5,1,111
BRDA:58,6,0,111
BRDA:58,6,1,0
BRDA:71,7,0,1
BRDA:71,7,1,110
BRDA:73,8,0,14
BRDA:73,8,1,96
BRDA:74,9,0,60
BRDA:74,9,1,36
BRDA:79,10,0,49
BRDA:79,10,1,1
BRF:20
BRH:17
end_of_record
TN:
SF:src\detectors\patterns.ts
FN:5,exists
FN:9,readJson
FN:17,detectPackageManager
FN:33,detectTestFramework
FN:54,detectLinter
FN:67,detectFormatter
FN:77,detectBundler
FN:94,detectCiCd
FN:105,detectNamingConvention
FN:109,(anonymous_9)
FN:110,(anonymous_10)
FN:112,(anonymous_11)
FN:113,(anonymous_12)
FN:114,(anonymous_13)
FN:115,(anonymous_14)
FN:122,detectPatterns
FN:130,(anonymous_16)
FNF:17
FNH:16
FNDA:5829,exists
FNDA:264,readJson
FNDA:88,detectPackageManager
FNDA:88,detectTestFramework
FNDA:88,detectLinter
FNDA:88,detectFormatter
FNDA:88,detectBundler
FNDA:88,detectCiCd
FNDA:88,detectNamingConvention
FNDA:158,(anonymous_9)
FNDA:158,(anonymous_10)
FNDA:0,(anonymous_11)
FNDA:8,(anonymous_12)
FNDA:130,(anonymous_13)
FNDA:88,(anonymous_14)
FNDA:88,detectPatterns
FNDA:440,(anonymous_16)
DA:6,5829
DA:10,264
DA:11,264
DA:13,114
DA:18,88
DA:19,87
DA:20,84
DA:21,83
DA:22,68
DA:23,68
DA:24,59
DA:25,59
DA:26,59
DA:27,59
DA:28,59
DA:29,59
DA:30,59
DA:34,88
DA:37,88
DA:38,50
DA:39,50
DA:40,47
DA:41,44
DA:42,44
DA:43,44
DA:44,44
DA:47,82
DA:48,82
DA:49,82
DA:51,82
DA:55,88
DA:57,0
DA:58,88
DA:59,88
DA:60,88
DA:61,88
DA:62,88
DA:63,88
DA:64,88
DA:68,88
DA:69,0
DA:70,88
DA:71,88
DA:72,88
DA:73,88
DA:74,88
DA:78,88
DA:79,88
DA:80,18
DA:81,18
DA:82,18
DA:83,18
DA:84,18
DA:85,18
DA:86,18
DA:87,18
DA:89,88
DA:90,88
DA:91,88
DA:95,88
DA:96,88
DA:97,88
DA:98,88
DA:99,88
DA:100,88
DA:101,88
DA:102,88
DA:106,88
DA:107,88
DA:108,88
DA:109,158
DA:110,158
DA:112,88
DA:113,88
DA:114,130
DA:115,88
DA:119,56
DA:123,88
DA:125,88
DA:126,88
DA:129,88
DA:130,440
DA:132,88
LF:83
LH:81
BRDA:18,0,0,1
BRDA:18,0,1,87
BRDA:19,1,0,3
BRDA:19,1,1,84
BRDA:20,2,0,1
BRDA:20,2,1,83
BRDA:21,3,0,15
BRDA:21,3,1,68
BRDA:22,4,0,0
BRDA:22,4,1,68
BRDA:22,5,0,68
BRDA:22,5,1,68
BRDA:23,6,0,9
BRDA:23,6,1,59
BRDA:23,7,0,68
BRDA:23,7,1,68
BRDA:24,8,0,0
BRDA:24,8,1,59
BRDA:25,9,0,0
BRDA:25,9,1,59
BRDA:26,10,0,0
BRDA:26,10,1,59
BRDA:27,11,0,0
BRDA:27,11,1,59
BRDA:27,12,0,59
BRDA:27,12,1,59
BRDA:28,13,0,0
BRDA:28,13,1,59
BRDA:29,14,0,0
BRDA:29,14,1,59
BRDA:37,15,0,50
BRDA:37,15,1,38
BRDA:39,16,0,3
BRDA:39,16,1,47
BRDA:40,17,0,3
BRDA:40,17,1,44
BRDA:41,18,0,0
BRDA:41,18,1,44
BRDA:42,19,0,0
BRDA:42,19,1,44
BRDA:43,20,0,0
BRDA:43,20,1,44
BRDA:44,21,0,0
BRDA:44,21,1,44
BRDA:47,22,0,0
BRDA:47,22,1,82
BRDA:47,23,0,82
BRDA:47,23,1,82
BRDA:48,24,0,0
BRDA:48,24,1,82
BRDA:48,25,0,82
BRDA:48,25,1,82
BRDA:49,26,0,0
BRDA:49,26,1,82
BRDA:55,27,0,0
BRDA:55,27,1,88
BRDA:55,28,0,88
BRDA:55,28,1,88
BRDA:55,28,2,88
BRDA:55,28,3,88
BRDA:55,28,4,88
BRDA:58,29,0,0
BRDA:58,29,1,88
BRDA:58,30,0,88
BRDA:58,30,1,88
BRDA:59,31,0,0
BRDA:59,31,1,88
BRDA:60,32,0,0
BRDA:60,32,1,88
BRDA:60,33,0,88
BRDA:60,33,1,88
BRDA:61,34,0,0
BRDA:61,34,1,88
BRDA:61,35,0,88
BRDA:61,35,1,88
BRDA:62,36,0,0
BRDA:62,36,1,88
BRDA:62,37,0,88
BRDA:62,37,1,88
BRDA:63,38,0,0
BRDA:63,38,1,88
BRDA:63,39,0,88
BRDA:63,39,1,88
BRDA:68,40,0,0
BRDA:68,40,1,88
BRDA:68,41,0,88
BRDA:68,41,1,88
BRDA:68,41,2,88
BRDA:68,41,3,88
BRDA:70,42,0,0
BRDA:70,42,1,88
BRDA:70,43,0,88
BRDA:70,43,1,88
BRDA:71,44,0,0
BRDA:71,44,1,88
BRDA:72,45,0,0
BRDA:72,45,1,88
BRDA:73,46,0,0
BRDA:73,46,1,88
BRDA:79,47,0,18
BRDA:79,47,1,70
BRDA:81,48,0,0
BRDA:81,48,1,18
BRDA:82,49,0,0
BRDA:82,49,1,18
BRDA:82,50,0,18
BRDA:82,50,1,18
BRDA:83,51,0,0
BRDA:83,51,1,18
BRDA:83,52,0,18
BRDA:83,52,1,18
BRDA:84,53,0,0
BRDA:84,53,1,18
BRDA:85,54,0,0
BRDA:85,54,1,18
BRDA:86,55,0,0
BRDA:86,55,1,18
BRDA:87,56,0,0
BRDA:87,56,1,18
BRDA:89,57,0,0
BRDA:89,57,1,88
BRDA:89,58,0,88
BRDA:89,58,1,88
BRDA:90,59,0,0
BRDA:90,59,1,88
BRDA:90,60,0,88
BRDA:90,60,1,88
BRDA:95,61,0,0
BRDA:95,61,1,88
BRDA:96,62,0,0
BRDA:96,62,1,88
BRDA:97,63,0,0
BRDA:97,63,1,88
BRDA:98,64,0,0
BRDA:98,64,1,88
BRDA:99,65,0,0
BRDA:99,65,1,88
BRDA:100,66,0,0
BRDA:100,66,1,88
BRDA:101,67,0,0
BRDA:101,67,1,88
BRDA:106,68,0,16
BRDA:106,68,1,72
BRDA:109,69,0,158
BRDA:109,69,1,158
BRDA:112,70,0,0
BRDA:112,70,1,88
BRDA:113,71,0,0
BRDA:113,71,1,88
BRDA:114,72,0,32
BRDA:114,72,1,56
BRDA:114,73,0,130
BRDA:114,73,1,32
BRDA:115,74,0,0
BRDA:115,74,1,56
BRDA:126,75,0,88
BRDA:126,75,1,71
BRDA:127,76,0,71
BRDA:127,76,1,65
BRDA:140,77,0,88
BRDA:140,77,1,88
BRDA:143,78,0,88
BRDA:143,78,1,86
BRDA:143,78,2,86
BRDA:143,78,3,84
BRF:165
BRH:120
end_of_record
TN:
SF:src\generators\agent-registry.ts
FN:24,parseFrontmatter
FN:41,(anonymous_1)
FN:52,triggersFromFile
FN:56,(anonymous_3)
FN:62,capabilitiesFromAgent
FN:76,(anonymous_5)
FN:85,skillsFromCapabilities
FN:86,(anonymous_7)
FN:90,(anonymous_8)
FN:100,buildRegistryEntries
FN:104,(anonymous_10)
FN:107,(anonymous_11)
FN:137,generateAgentRegistry
FNF:13
FNH:11
FNDA:14,parseFrontmatter
FNDA:0,(anonymous_1)
FNDA:14,triggersFromFile
FNDA:40,(anonymous_3)
FNDA:14,capabilitiesFromAgent
FNDA:0,(anonymous_5)
FNDA:14,skillsFromCapabilities
FNDA:14,(anonymous_7)
FNDA:28,(anonymous_8)
FNDA:14,buildRegistryEntries
FNDA:14,(anonymous_10)
FNDA:14,(anonymous_11)
FNDA:14,generateAgentRegistry
DA:6,1
DA:7,1
DA:25,14
DA:26,14
DA:28,13
DA:29,13
DA:31,13
DA:32,13
DA:34,13
DA:35,13
DA:37,13
DA:38,13
DA:39,0
DA:41,0
DA:45,13
DA:53,14
DA:56,40
DA:63,14
DA:65,14
DA:67,13
DA:68,13
DA:69,91
DA:70,91
DA:71,91
DA:75,14
DA:76,0
DA:79,14
DA:86,14
DA:90,28
DA:101,14
DA:103,13
DA:104,14
DA:107,13
DA:108,14
DA:109,14
DA:110,14
DA:111,14
DA:113,14
DA:138,14
DA:139,14
DA:141,14
DA:143,13
DA:149,13
DA:150,13
DA:151,13
DA:153,13
LF:46
LH:43
BRDA:26,0,0,1
BRDA:26,0,1,13
BRDA:32,1,0,13
BRDA:32,1,1,0
BRDA:35,2,0,13
BRDA:35,2,1,0
BRDA:38,3,0,0
BRDA:38,3,1,13
BRDA:56,4,0,40
BRDA:56,4,1,39
BRDA:65,5,0,13
BRDA:65,5,1,1
BRDA:71,6,0,0
BRDA:71,6,1,91
BRDA:75,7,0,0
BRDA:75,7,1,14
BRDA:79,8,0,0
BRDA:79,8,1,14
BRDA:101,9,0,1
BRDA:101,9,1,13
BRDA:114,10,0,14
BRDA:114,10,1,1
BRDA:116,11,0,14
BRDA:116,11,1,1
BRDA:141,12,0,1
BRDA:141,12,1,13
BRF:26
BRH:20
end_of_record
TN:
SF:src\generators\agents.ts
FN:20,toBulletList
FN:22,(anonymous_1)
FN:33,discoverProjectKeyFiles
FN:34,(anonymous_3)
FN:78,(anonymous_4)
FN:79,(anonymous_5)
FN:94,(anonymous_6)
FN:103,buildFrameworkRules
FN:104,(anonymous_8)
FN:107,(anonymous_9)
FN:112,(anonymous_10)
FN:127,buildAgentSpecs
FN:130,(anonymous_12)
FN:133,(anonymous_13)
FN:134,(anonymous_14)
FN:134,(anonymous_15)
FN:135,(anonymous_16)
FN:136,(anonymous_17)
FN:137,(anonymous_18)
FN:137,(anonymous_19)
FN:140,(anonymous_20)
FN:150,(anonymous_21)
FN:151,(anonymous_22)
FN:239,(anonymous_23)
FN:321,scanExistingAgents
FN:325,(anonymous_25)
FN:345,buildSequentialAgentSpecs
FN:348,(anonymous_27)
FN:351,(anonymous_28)
FN:365,(anonymous_29)
FN:398,(anonymous_30)
FN:436,injectReplacements
FN:451,generateAgentsWithOptions
FN:461,(anonymous_33)
FN:464,conceptCovered
FN:465,(anonymous_35)
FN:465,(anonymous_36)
FN:495,(anonymous_37)
FN:546,generateAgents
FNF:39
FNH:19
FNDA:30,toBulletList
FNDA:81,(anonymous_1)
FNDA:10,discoverProjectKeyFiles
FNDA:290,(anonymous_3)
FNDA:2,(anonymous_4)
FNDA:0,(anonymous_5)
FNDA:8,(anonymous_6)
FNDA:10,buildFrameworkRules
FNDA:0,(anonymous_8)
FNDA:0,(anonymous_9)
FNDA:0,(anonymous_10)
FNDA:5,buildAgentSpecs
FNDA:0,(anonymous_12)
FNDA:0,(anonymous_13)
FNDA:0,(anonymous_14)
FNDA:0,(anonymous_15)
FNDA:0,(anonymous_16)
FNDA:0,(anonymous_17)
FNDA:0,(anonymous_18)
FNDA:0,(anonymous_19)
FNDA:0,(anonymous_20)
FNDA:1,(anonymous_21)
FNDA:5,(anonymous_22)
FNDA:0,(anonymous_23)
FNDA:0,scanExistingAgents
FNDA:0,(anonymous_25)
FNDA:5,buildSequentialAgentSpecs
FNDA:0,(anonymous_27)
FNDA:0,(anonymous_28)
FNDA:1,(anonymous_29)
FNDA:20,(anonymous_30)
FNDA:35,injectReplacements
FNDA:5,generateAgentsWithOptions
FNDA:1,(anonymous_33)
FNDA:4,conceptCovered
FNDA:0,(anonymous_35)
FNDA:0,(anonymous_36)
FNDA:13,(anonymous_37)
FNDA:5,generateAgents
DA:7,2
DA:21,30
DA:22,81
DA:34,290
DA:35,10
DA:38,10
DA:51,10
DA:52,110
DA:53,110
DA:57,10
DA:68,10
DA:69,180
DA:70,180
DA:74,10
DA:75,10
DA:76,2
DA:77,2
DA:78,2
DA:79,0
DA:81,2
DA:82,0
DA:83,0
DA:84,0
DA:85,0
DA:92,10
DA:93,10
DA:94,8
DA:95,0
DA:97,4
DA:100,10
DA:104,10
DA:105,10
DA:107,10
DA:108,0
DA:109,0
DA:112,10
DA:113,0
DA:116,10
DA:117,10
DA:120,10
DA:121,0
DA:124,10
DA:128,5
DA:129,5
DA:130,5
DA:131,5
DA:132,5
DA:133,5
DA:134,5
DA:135,5
DA:136,5
DA:137,5
DA:138,5
DA:139,5
DA:140,5
DA:142,5
DA:149,5
DA:150,5
DA:151,5
DA:153,5
DA:154,5
DA:157,5
DA:179,5
DA:199,5
DA:213,5
DA:214,0
DA:217,0
DA:238,5
DA:239,0
DA:240,0
DA:241,0
DA:263,5
DA:264,0
DA:267,0
DA:290,5
DA:302,5
DA:322,0
DA:323,0
DA:325,0
DA:326,0
DA:327,0
DA:329,0
DA:330,0
DA:332,0
DA:335,0
DA:336,0
DA:338,0
DA:342,0
DA:346,5
DA:347,5
DA:348,5
DA:349,5
DA:350,5
DA:351,5
DA:353,5
DA:354,5
DA:356,5
DA:363,5
DA:364,5
DA:365,1
DA:368,5
DA:378,5
DA:390,5
DA:395,5
DA:398,20
DA:406,5
DA:415,5
DA:424,5
DA:433,5
DA:437,35
DA:438,35
DA:439,225
DA:441,35
DA:456,5
DA:457,5
DA:460,5
DA:461,1
DA:465,4
DA:469,5
DA:471,5
DA:475,5
DA:480,5
DA:482,5
DA:483,35
DA:486,35
DA:489,35
DA:492,7
DA:495,13
DA:496,4
DA:500,35
DA:501,0
DA:502,0
DA:506,35
DA:507,35
DA:508,35
DA:509,35
DA:510,2
DA:513,35
DA:516,35
DA:521,35
DA:522,0
DA:526,35
DA:530,35
DA:531,35
DA:532,0
DA:533,0
DA:537,35
DA:539,35
DA:540,35
DA:543,5
DA:551,5
LF:151
LH:117
BRDA:21,0,0,4
BRDA:21,0,1,26
BRDA:33,1,0,10
BRDA:52,2,0,0
BRDA:52,2,1,110
BRDA:52,3,0,110
BRDA:52,3,1,0
BRDA:53,4,0,0
BRDA:53,4,1,110
BRDA:69,5,0,2
BRDA:69,5,1,178
BRDA:69,6,0,180
BRDA:69,6,1,2
BRDA:70,7,0,0
BRDA:70,7,1,180
BRDA:75,8,0,2
BRDA:75,8,1,8
BRDA:83,9,0,0
BRDA:83,9,1,0
BRDA:83,10,0,0
BRDA:83,10,1,0
BRDA:85,11,0,0
BRDA:85,11,1,0
BRDA:94,12,0,0
BRDA:94,12,1,4
BRDA:95,13,0,0
BRDA:95,13,1,0
BRDA:97,14,0,0
BRDA:97,14,1,4
BRDA:107,15,0,0
BRDA:107,15,1,10
BRDA:112,16,0,0
BRDA:112,16,1,10
BRDA:116,17,0,10
BRDA:116,17,1,0
BRDA:120,18,0,0
BRDA:120,18,1,10
BRDA:132,19,0,5
BRDA:132,19,1,0
BRDA:138,20,0,5
BRDA:138,20,1,5
BRDA:139,21,0,0
BRDA:139,21,1,5
BRDA:140,22,0,0
BRDA:140,22,1,5
BRDA:146,23,0,5
BRDA:146,23,1,0
BRDA:151,24,0,1
BRDA:151,24,1,4
BRDA:193,25,0,5
BRDA:193,25,1,0
BRDA:213,26,0,0
BRDA:213,26,1,5
BRDA:214,27,0,0
BRDA:214,27,1,0
BRDA:238,28,0,0
BRDA:238,28,1,5
BRDA:239,29,0,0
BRDA:239,29,1,0
BRDA:239,30,0,0
BRDA:239,30,1,0
BRDA:263,31,0,0
BRDA:263,31,1,5
BRDA:264,32,0,0
BRDA:264,32,1,0
BRDA:323,33,0,0
BRDA:323,33,1,0
BRDA:325,34,0,0
BRDA:325,34,1,0
BRDA:332,35,0,0
BRDA:332,35,1,0
BRDA:332,35,2,0
BRDA:335,36,0,0
BRDA:335,36,1,0
BRDA:349,37,0,5
BRDA:349,37,1,0
BRDA:350,38,0,5
BRDA:350,38,1,5
BRDA:351,39,0,0
BRDA:351,39,1,5
BRDA:360,40,0,5
BRDA:360,40,1,0
BRDA:364,41,0,1
BRDA:364,41,1,4
BRDA:368,42,0,5
BRDA:368,42,1,0
BRDA:369,43,0,0
BRDA:369,43,1,0
BRDA:370,44,0,0
BRDA:370,44,1,0
BRDA:371,45,0,0
BRDA:371,45,1,0
BRDA:372,46,0,0
BRDA:372,46,1,0
BRDA:373,47,0,0
BRDA:373,47,1,0
BRDA:374,48,0,0
BRDA:374,48,1,0
BRDA:375,49,0,0
BRDA:375,49,1,0
BRDA:378,50,0,5
BRDA:378,50,1,5
BRDA:379,51,0,5
BRDA:379,51,1,0
BRDA:380,52,0,0
BRDA:380,52,1,0
BRDA:381,53,0,0
BRDA:381,53,1,0
BRDA:382,54,0,0
BRDA:382,54,1,0
BRDA:383,55,0,0
BRDA:383,55,1,0
BRDA:384,56,0,0
BRDA:384,56,1,0
BRDA:385,57,0,0
BRDA:385,57,1,0
BRDA:386,58,0,0
BRDA:386,58,1,0
BRDA:390,59,0,5
BRDA:390,59,1,0
BRDA:391,60,0,0
BRDA:391,60,1,0
BRDA:392,61,0,0
BRDA:392,61,1,0
BRDA:460,62,0,5
BRDA:460,62,1,0
BRDA:469,63,0,5
BRDA:469,63,1,5
BRDA:473,64,0,5
BRDA:473,64,1,0
BRDA:486,65,0,0
BRDA:486,65,1,35
BRDA:486,66,0,35
BRDA:486,66,1,0
BRDA:486,66,2,0
BRDA:489,67,0,7
BRDA:489,67,1,28
BRDA:492,68,0,3
BRDA:492,68,1,4
BRDA:496,69,0,0
BRDA:496,69,1,4
BRDA:500,70,0,0
BRDA:500,70,1,35
BRDA:508,71,0,2
BRDA:508,71,1,33
BRDA:509,72,0,2
BRDA:509,72,1,33
BRDA:521,73,0,0
BRDA:521,73,1,35
BRDA:531,74,0,0
BRDA:531,74,1,35
BRDA:531,75,0,35
BRDA:531,75,1,0
BRDA:552,76,0,5
BRDA:552,76,1,0
BRDA:553,77,0,5
BRDA:553,77,1,4
BRF:157
BRH:65
end_of_record
TN:
SF:src\generators\chatmodes.ts
FN:28,getPlanMode
FN:68,getReviewMode
FN:111,getExploreMode
FN:145,renderChatMode
FN:146,(anonymous_4)
FN:159,generateChatModes
FNF:6
FNH:6
FNDA:10,getPlanMode
FNDA:10,getReviewMode
FNDA:10,getExploreMode
FNDA:30,renderChatMode
FNDA:410,(anonymous_4)
FNDA:10,generateChatModes
DA:24,1
DA:29,10
DA:30,10
DA:69,10
DA:70,10
DA:112,10
DA:146,410
DA:149,30
DA:150,30
DA:160,10
DA:161,10
DA:163,10
DA:169,10
DA:170,30
DA:171,30
DA:172,30
DA:175,10
LF:17
LH:17
BRDA:29,0,0,1
BRDA:29,0,1,9
BRF:2
BRH:2
end_of_record
TN:
SF:src\generators\cloud-agent.ts
FN:26,generateCloudAgent
FN:38,buildYaml
FN:78,buildNodeSteps
FN:115,buildPythonSteps
FN:143,buildGoSteps
FN:157,buildRustSteps
FN:167,buildJavaSteps
FN:182,buildDotnetSteps
FN:194,buildFallbackSteps
FN:208,detectNodeVersion
FN:210,(anonymous_10)
FN:223,detectPythonVersion
FN:230,detectGoVersion
FN:232,(anonymous_13)
FNF:14
FNH:11
FNDA:12,generateCloudAgent
FNDA:10,buildYaml
FNDA:7,buildNodeSteps
FNDA:1,buildPythonSteps
FNDA:1,buildGoSteps
FNDA:1,buildRustSteps
FNDA:0,buildJavaSteps
FNDA:0,buildDotnetSteps
FNDA:0,buildFallbackSteps
FNDA:7,detectNodeVersion
FNDA:14,(anonymous_10)
FNDA:1,detectPythonVersion
FNDA:1,detectGoVersion
FNDA:2,(anonymous_13)
DA:10,1
DA:31,12
DA:33,10
DA:34,10
DA:35,10
DA:39,10
DA:51,10
DA:52,10
DA:54,10
DA:55,7
DA:56,3
DA:57,1
DA:58,2
DA:59,1
DA:60,1
DA:61,1
DA:62,0
DA:63,0
DA:64,0
DA:65,0
DA:68,0
DA:71,10
DA:79,7
DA:80,7
DA:85,7
DA:92,7
DA:93,7
DA:96,7
DA:98,1
DA:106,7
DA:112,7
DA:116,1
DA:117,1
DA:121,1
DA:132,1
DA:133,0
DA:140,1
DA:144,1
DA:145,1
DA:158,1
DA:168,0
DA:169,0
DA:183,0
DA:195,0
DA:210,14
DA:213,0
DA:218,7
DA:219,7
DA:220,7
DA:224,1
DA:226,1
DA:227,1
DA:232,2
DA:233,1
DA:234,0
DA:235,0
DA:236,0
DA:237,0
DA:239,0
LF:59
LH:43
BRDA:31,0,0,2
BRDA:31,0,1,10
BRDA:54,1,0,7
BRDA:54,1,1,3
BRDA:54,2,0,10
BRDA:54,2,1,4
BRDA:54,2,2,4
BRDA:54,2,3,3
BRDA:56,3,0,1
BRDA:56,3,1,2
BRDA:56,4,0,3
BRDA:56,4,1,2
BRDA:56,4,2,2
BRDA:58,5,0,1
BRDA:58,5,1,1
BRDA:58,6,0,2
BRDA:58,6,1,1
BRDA:60,7,0,1
BRDA:60,7,1,0
BRDA:60,8,0,1
BRDA:60,8,1,0
BRDA:62,9,0,0
BRDA:62,9,1,0
BRDA:62,10,0,0
BRDA:62,10,1,0
BRDA:62,10,2,0
BRDA:62,10,3,0
BRDA:64,11,0,0
BRDA:64,11,1,0
BRDA:64,12,0,0
BRDA:64,12,1,0
BRDA:64,12,2,0
BRDA:79,13,0,7
BRDA:79,13,1,7
BRDA:80,14,0,0
BRDA:80,14,1,7
BRDA:81,15,0,1
BRDA:81,15,1,6
BRDA:82,16,0,0
BRDA:82,16,1,6
BRDA:92,17,0,7
BRDA:92,17,1,0
BRDA:92,18,0,7
BRDA:92,18,1,1
BRDA:92,18,2,1
BRDA:96,19,0,1
BRDA:96,19,1,6
BRDA:116,20,0,1
BRDA:116,20,1,1
BRDA:117,21,0,0
BRDA:117,21,1,1
BRDA:132,22,0,0
BRDA:132,22,1,1
BRDA:144,23,0,1
BRDA:144,23,1,1
BRDA:168,24,0,0
BRDA:168,24,1,0
BRDA:175,25,0,0
BRDA:175,25,1,0
BRDA:210,26,0,0
BRDA:210,26,1,7
BRDA:210,27,0,14
BRDA:210,27,1,14
BRDA:219,28,0,0
BRDA:219,28,1,7
BRDA:219,29,0,7
BRDA:219,29,1,7
BRDA:226,30,0,0
BRDA:226,30,1,1
BRDA:233,31,0,1
BRDA:233,31,1,0
BRDA:237,32,0,0
BRDA:237,32,1,0
BRF:73
BRH:45
end_of_record
TN:
SF:src\generators\context-docs.ts
FN:25,readAiOsConfig
FN:43,computeSkillVersions
FN:68,formatNodeLabel
FN:72,joinOrNone
FN:79,exists
FN:83,countMarkdownFiles
FN:100,detectExistingAiContext
FN:103,(anonymous_7)
FN:105,(anonymous_8)
FN:139,generateExistingAiContextDoc
FN:205,generateStackDoc
FN:214,(anonymous_11)
FN:247,(anonymous_12)
FN:249,(anonymous_13)
FN:260,(anonymous_14)
FN:261,(anonymous_15)
FN:273,(anonymous_16)
FN:274,(anonymous_17)
FN:288,generateArchitectureDoc
FN:308,(anonymous_19)
FN:343,(anonymous_20)
FN:344,(anonymous_21)
FN:360,generateConventionsDoc
FN:417,generateContextBudgetDoc
FN:483,generateProtectedBlocksDoc
FN:550,generateMemoryDoc
FN:592,mergeSections
FN:594,(anonymous_27)
FN:631,generateMcpToolRefDoc
FN:632,(anonymous_29)
FN:633,(anonymous_30)
FN:637,(anonymous_31)
FN:667,generateContextDocs
FN:675,(anonymous_33)
FN:676,(anonymous_34)
FN:766,(anonymous_35)
FN:783,(anonymous_36)
FN:801,(anonymous_37)
FN:833,generateSessionContextCard
FN:839,(anonymous_39)
FN:844,(anonymous_40)
FN:865,(anonymous_41)
FN:878,(anonymous_42)
FNF:43
FNH:35
FNDA:34,readAiOsConfig
FNDA:16,computeSkillVersions
FNDA:72,formatNodeLabel
FNDA:36,joinOrNone
FNDA:164,exists
FNDA:20,countMarkdownFiles
FNDA:10,detectExistingAiContext
FNDA:60,(anonymous_7)
FNDA:6,(anonymous_8)
FNDA:9,generateExistingAiContextDoc
FNDA:9,generateStackDoc
FNDA:18,(anonymous_11)
FNDA:0,(anonymous_12)
FNDA:0,(anonymous_13)
FNDA:9,(anonymous_14)
FNDA:9,(anonymous_15)
FNDA:9,(anonymous_16)
FNDA:0,(anonymous_17)
FNDA:9,generateArchitectureDoc
FNDA:0,(anonymous_19)
FNDA:9,(anonymous_20)
FNDA:0,(anonymous_21)
FNDA:9,generateConventionsDoc
FNDA:10,generateContextBudgetDoc
FNDA:10,generateProtectedBlocksDoc
FNDA:10,generateMemoryDoc
FNDA:2,mergeSections
FNDA:4,(anonymous_27)
FNDA:10,generateMcpToolRefDoc
FNDA:370,(anonymous_29)
FNDA:340,(anonymous_30)
FNDA:400,(anonymous_31)
FNDA:10,generateContextDocs
FNDA:130,(anonymous_33)
FNDA:50,(anonymous_34)
FNDA:18,(anonymous_35)
FNDA:0,(anonymous_36)
FNDA:0,(anonymous_37)
FNDA:9,generateSessionContextCard
FNDA:9,(anonymous_39)
FNDA:0,(anonymous_40)
FNDA:18,(anonymous_41)
FNDA:54,(anonymous_42)
DA:11,3
DA:26,34
DA:27,34
DA:28,34
DA:29,34
DA:30,1
DA:31,1
DA:33,1
DA:35,32
DA:44,16
DA:45,16
DA:46,16
DA:47,5
DA:48,5
DA:49,8
DA:50,6
DA:51,6
DA:52,6
DA:55,5
DA:69,72
DA:73,36
DA:74,18
DA:75,18
DA:76,36
DA:80,164
DA:84,20
DA:85,0
DA:86,0
DA:87,0
DA:88,0
DA:89,0
DA:90,0
DA:91,0
DA:93,0
DA:94,0
DA:97,0
DA:101,10
DA:102,10
DA:103,60
DA:105,10
DA:106,6
DA:107,6
DA:110,10
DA:111,10
DA:112,10
DA:114,10
DA:115,10
DA:116,10
DA:118,10
DA:119,10
DA:120,10
DA:122,10
DA:123,10
DA:124,10
DA:126,10
DA:127,10
DA:128,10
DA:129,10
DA:131,10
DA:132,10
DA:133,10
DA:134,10
DA:136,10
DA:140,9
DA:141,9
DA:160,9
DA:161,5
DA:163,4
DA:164,6
DA:168,9
DA:169,9
DA:170,9
DA:171,9
DA:172,9
DA:173,9
DA:174,9
DA:175,9
DA:176,9
DA:177,9
DA:178,9
DA:180,9
DA:181,9
DA:182,9
DA:184,9
DA:185,9
DA:186,9
DA:187,9
DA:188,9
DA:189,9
DA:190,9
DA:191,9
DA:192,9
DA:193,9
DA:194,9
DA:195,9
DA:196,0
DA:198,9
DA:199,9
DA:200,9
DA:202,9
DA:206,9
DA:213,9
DA:214,18
DA:217,9
DA:218,9
DA:219,9
DA:221,0
DA:222,0
DA:223,0
DA:227,9
DA:228,9
DA:229,9
DA:230,9
DA:231,9
DA:232,9
DA:233,9
DA:234,9
DA:235,9
DA:236,9
DA:238,9
DA:239,9
DA:240,18
DA:243,9
DA:244,0
DA:245,0
DA:246,0
DA:247,0
DA:249,0
DA:250,0
DA:251,0
DA:252,0
DA:253,0
DA:254,0
DA:258,9
DA:259,9
DA:260,9
DA:261,9
DA:263,9
DA:264,9
DA:265,9
DA:266,9
DA:269,9
DA:270,9
DA:271,9
DA:272,9
DA:273,9
DA:274,9
DA:275,9
DA:276,9
DA:277,9
DA:278,9
DA:279,9
DA:280,9
DA:281,9
DA:282,9
DA:283,9
DA:285,9
DA:289,9
DA:298,9
DA:299,9
DA:300,0
DA:302,9
DA:305,9
DA:306,9
DA:307,9
DA:308,9
DA:309,9
DA:310,0
DA:311,0
DA:314,9
DA:316,9
DA:318,9
DA:319,9
DA:320,0
DA:321,0
DA:322,0
DA:323,0
DA:324,9
DA:325,0
DA:326,0
DA:327,0
DA:328,9
DA:329,0
DA:330,0
DA:331,0
DA:333,9
DA:336,9
DA:337,9
DA:339,9
DA:340,9
DA:341,9
DA:342,9
DA:343,9
DA:344,9
DA:345,9
DA:346,9
DA:347,9
DA:348,9
DA:349,9
DA:350,9
DA:351,9
DA:352,9
DA:353,9
DA:354,9
DA:355,9
DA:357,9
DA:361,9
DA:371,9
DA:372,9
DA:373,9
DA:374,9
DA:375,9
DA:378,9
DA:379,0
DA:380,0
DA:381,0
DA:382,0
DA:385,9
DA:386,9
DA:387,9
DA:389,9
DA:390,0
DA:392,9
DA:393,0
DA:395,9
DA:396,0
DA:399,9
DA:400,9
DA:401,9
DA:402,9
DA:403,9
DA:404,9
DA:406,9
DA:407,0
DA:408,0
DA:409,0
DA:410,0
DA:411,0
DA:414,9
DA:418,10
DA:480,10
DA:484,10
DA:547,10
DA:551,10
DA:589,10
DA:593,2
DA:594,2
DA:595,4
DA:596,4
DA:597,4
DA:598,4
DA:599,126
DA:600,16
DA:601,16
DA:602,16
DA:604,110
DA:607,4
DA:608,4
DA:610,2
DA:611,2
DA:612,2
DA:613,2
DA:614,10
DA:616,2
DA:617,10
DA:619,2
DA:632,370
DA:633,10
DA:634,340
DA:635,340
DA:636,340
DA:638,400
DA:639,400
DA:642,340
DA:645,10
DA:668,10
DA:669,10
DA:670,10
DA:671,10
DA:672,10
DA:674,10
DA:675,130
DA:676,50
DA:678,10
DA:681,10
DA:682,10
[...]
FNDA:0,(anonymous_3)
DA:12,1
DA:13,1
DA:14,1
DA:16,0
DA:22,1
DA:25,1
DA:26,1
DA:27,1
DA:28,0
DA:32,1
DA:33,0
DA:37,1
DA:38,0
DA:42,1
DA:43,1
DA:44,0
DA:46,1
DA:47,1
DA:48,0
DA:53,1
DA:54,1
DA:55,0
DA:59,1
DA:60,1
DA:61,1
DA:62,1
DA:66,1
DA:67,0
DA:69,1
DA:70,0
DA:77,1
DA:78,1
DA:81,0
DA:84,0
LF:34
LH:23
BRDA:13,0,0,1
BRDA:13,0,1,0
BRDA:27,1,0,0
BRDA:27,1,1,1
BRDA:32,2,0,0
BRDA:32,2,1,1
BRDA:37,3,0,0
BRDA:37,3,1,1
BRDA:43,4,0,0
BRDA:43,4,1,1
BRDA:47,5,0,0
BRDA:47,5,1,1
BRDA:54,6,0,0
BRDA:54,6,1,1
BRDA:60,7,0,1
BRDA:60,7,1,0
BRDA:66,8,0,0
BRDA:66,8,1,1
BRDA:66,9,0,1
BRDA:66,9,1,1
BRDA:69,10,0,0
BRDA:69,10,1,1
BRDA:77,11,0,1
BRDA:77,11,1,0
BRF:24
BRH:13
end_of_record
TN:
SF:src\mcp-server\sdk-server.ts
FN:54,wrap
FN:58,(anonymous_1)
FN:71,createSdkServer
FN:88,(anonymous_3)
FN:102,(anonymous_4)
FN:117,(anonymous_5)
FN:127,(anonymous_6)
FN:139,(anonymous_7)
FN:149,(anonymous_8)
FN:159,(anonymous_9)
FN:171,(anonymous_10)
FN:181,(anonymous_11)
FN:193,(anonymous_12)
FN:205,(anonymous_13)
FN:217,(anonymous_14)
FN:227,(anonymous_15)
FN:237,(anonymous_16)
FN:251,(anonymous_17)
FN:267,(anonymous_18)
FN:278,(anonymous_19)
FN:295,(anonymous_20)
FN:318,(anonymous_21)
FN:332,(anonymous_22)
FN:350,(anonymous_23)
FN:368,(anonymous_24)
FN:378,(anonymous_25)
FN:388,(anonymous_26)
FN:398,(anonymous_27)
FN:410,(anonymous_28)
FN:420,(anonymous_29)
FN:430,(anonymous_30)
FN:440,(anonymous_31)
FN:450,(anonymous_32)
FN:462,(anonymous_33)
FN:478,(anonymous_34)
FN:490,(anonymous_35)
FN:500,(anonymous_36)
FN:510,(anonymous_37)
FN:520,(anonymous_38)
FN:533,(anonymous_39)
FN:540,(anonymous_40)
FN:545,(anonymous_41)
FN:614,(anonymous_42)
FN:630,(anonymous_43)
FN:649,(anonymous_44)
FN:675,(anonymous_45)
FN:698,(anonymous_46)
FN:720,runSdkMcp
FN:722,(anonymous_48)
FN:723,(anonymous_49)
FNF:50
FNH:0
FNDA:0,wrap
FNDA:0,(anonymous_1)
FNDA:0,createSdkServer
FNDA:0,(anonymous_3)
FNDA:0,(anonymous_4)
FNDA:0,(anonymous_5)
FNDA:0,(anonymous_6)
FNDA:0,(anonymous_7)
FNDA:0,(anonymous_8)
FNDA:0,(anonymous_9)
FNDA:0,(anonymous_10)
FNDA:0,(anonymous_11)
FNDA:0,(anonymous_12)
FNDA:0,(anonymous_13)
FNDA:0,(anonymous_14)
FNDA:0,(anonymous_15)
FNDA:0,(anonymous_16)
FNDA:0,(anonymous_17)
FNDA:0,(anonymous_18)
FNDA:0,(anonymous_19)
FNDA:0,(anonymous_20)
FNDA:0,(anonymous_21)
FNDA:0,(anonymous_22)
FNDA:0,(anonymous_23)
FNDA:0,(anonymous_24)
FNDA:0,(anonymous_25)
FNDA:0,(anonymous_26)
FNDA:0,(anonymous_27)
FNDA:0,(anonymous_28)
FNDA:0,(anonymous_29)
FNDA:0,(anonymous_30)
FNDA:0,(anonymous_31)
FNDA:0,(anonymous_32)
FNDA:0,(anonymous_33)
FNDA:0,(anonymous_34)
FNDA:0,(anonymous_35)
FNDA:0,(anonymous_36)
FNDA:0,(anonymous_37)
FNDA:0,(anonymous_38)
FNDA:0,(anonymous_39)
FNDA:0,(anonymous_40)
FNDA:0,(anonymous_41)
FNDA:0,(anonymous_42)
FNDA:0,(anonymous_43)
FNDA:0,(anonymous_44)
FNDA:0,(anonymous_45)
FNDA:0,(anonymous_46)
FNDA:0,runSdkMcp
FNDA:0,(anonymous_48)
FNDA:0,(anonymous_49)
DA:58,0
DA:59,0
DA:60,0
DA:61,0
DA:62,0
DA:63,0
DA:65,0
DA:66,0
DA:72,0
DA:73,0
DA:75,0
DA:78,0
DA:88,0
DA:93,0
DA:103,0
DA:106,0
DA:111,0
DA:117,0
DA:121,0
DA:127,0
DA:131,0
DA:139,0
DA:143,0
DA:149,0
DA:153,0
DA:159,0
DA:163,0
DA:171,0
DA:175,0
DA:181,0
DA:185,0
DA:193,0
DA:197,0
DA:205,0
DA:209,0
DA:217,0
DA:221,0
DA:227,0
DA:231,0
DA:237,0
DA:241,0
DA:251,0
DA:256,0
DA:267,0
DA:272,0
DA:278,0
DA:282,0
DA:295,0
DA:307,0
DA:318,0
DA:323,0
DA:332,0
DA:337,0
DA:350,0
DA:362,0
DA:368,0
DA:372,0
DA:378,0
DA:382,0
DA:388,0
DA:392,0
DA:398,0
DA:402,0
DA:410,0
DA:414,0
DA:420,0
DA:424,0
DA:430,0
DA:434,0
DA:440,0
DA:444,0
DA:450,0
DA:454,0
DA:463,0
DA:464,0
DA:465,0
DA:470,0
DA:478,0
DA:482,0
DA:490,0
DA:494,0
DA:500,0
DA:504,0
DA:510,0
DA:514,0
DA:520,0
DA:524,0
DA:534,0
DA:535,0
DA:536,0
DA:537,0
DA:538,0
DA:540,0
DA:542,0
DA:543,0
DA:544,0
DA:545,0
DA:547,0
DA:548,0
DA:566,0
DA:609,0
DA:610,0
DA:611,0
DA:616,0
DA:617,0
DA:623,0
DA:632,0
DA:634,0
DA:635,0
DA:637,0
DA:639,0
DA:645,0
DA:650,0
DA:668,0
DA:676,0
DA:694,0
DA:699,0
DA:717,0
DA:722,0
DA:723,0
DA:725,0
DA:726,0
DA:727,0
LF:123
LH:0
BRDA:62,0,0,0
BRDA:62,0,1,0
BRDA:65,1,0,0
BRDA:65,1,1,0
BRDA:89,2,0,0
BRDA:89,2,1,0
BRDA:103,3,0,0
BRDA:103,3,1,0
BRDA:106,4,0,0
BRDA:106,4,1,0
BRDA:117,5,0,0
BRDA:117,5,1,0
BRDA:127,6,0,0
BRDA:127,6,1,0
BRDA:465,7,0,0
BRDA:465,7,1,0
BRDA:490,8,0,0
BRDA:490,8,1,0
BRDA:536,9,0,0
BRDA:536,9,1,0
BRDA:538,10,0,0
BRDA:538,10,1,0
BRDA:544,11,0,0
BRDA:544,11,1,0
BRDA:616,12,0,0
BRDA:616,12,1,0
BRDA:683,13,0,0
BRDA:683,13,1,0
BRF:28
BRH:0
end_of_record
TN:
SF:src\mcp-server\search.ts
FN:9,searchFiles
FN:31,buildFileTree
FN:37,(anonymous_2)
FN:38,(anonymous_3)
FN:39,(anonymous_4)
FNF:5
FNH:5
FNDA:4,searchFiles
FNDA:28,buildFileTree
FNDA:81,(anonymous_2)
FNDA:73,(anonymous_3)
FNDA:156,(anonymous_4)
DA:10,4
DA:11,4
DA:12,4
DA:13,4
DA:14,4
DA:16,4
DA:17,4
DA:18,3
DA:19,4
DA:21,0
DA:25,29
DA:32,28
DA:33,8
DA:34,8
DA:35,8
DA:36,8
DA:37,81
DA:38,73
DA:40,156
DA:41,119
DA:44,8
DA:45,70
DA:46,27
DA:47,27
DA:49,43
DA:53,8
LF:26
LH:25
BRDA:9,0,0,4
BRDA:12,1,0,4
BRDA:12,1,1,0
BRDA:13,2,0,1
BRDA:13,2,1,3
BRDA:17,3,0,1
BRDA:17,3,1,3
BRDA:18,4,0,3
BRDA:18,4,1,0
BRDA:31,5,0,28
BRDA:31,6,0,28
BRDA:32,7,0,20
BRDA:32,7,1,8
BRDA:37,8,0,81
BRDA:37,8,1,9
BRDA:40,9,0,37
BRDA:40,9,1,119
BRDA:40,10,0,29
BRDA:40,10,1,8
BRDA:45,11,0,27
BRDA:45,11,1,43
BRF:21
BRH:19
end_of_record
TN:
SF:src\mcp-server\session.ts
FN:70,normalizeFailureText
FN:74,readRuntimeState
FN:106,writeRuntimeState
FN:112,getActivePlan
FN:150,upsertActivePlan
FN:169,(anonymous_5)
FN:173,(anonymous_6)
FN:199,appendCheckpoint
FN:218,(anonymous_8)
FN:230,closeCheckpoint
FN:237,(anonymous_10)
FN:241,(anonymous_11)
FN:259,(anonymous_12)
FN:267,recordFailurePattern
FN:289,(anonymous_14)
FN:301,(anonymous_15)
FN:313,(anonymous_16)
FN:332,(anonymous_17)
FN:340,compactSessionContext
FN:342,(anonymous_19)
FN:356,(anonymous_20)
FN:360,(anonymous_21)
FN:387,(anonymous_22)
FN:424,recordToolCallAndRunWatchdog
FN:426,(anonymous_24)
FN:470,setWatchdogThreshold
FN:473,(anonymous_26)
FN:492,resetSessionState
FN:494,(anonymous_28)
FNF:29
FNH:27
FNDA:16,normalizeFailureText
FNDA:12,readRuntimeState
FNDA:12,writeRuntimeState
FNDA:2,getActivePlan
FNDA:3,upsertActivePlan
FNDA:3,(anonymous_5)
FNDA:3,(anonymous_6)
FNDA:108,appendCheckpoint
FNDA:108,(anonymous_8)
FNDA:1,closeCheckpoint
FNDA:1,(anonymous_10)
FNDA:1,(anonymous_11)
FNDA:1,(anonymous_12)
FNDA:3,recordFailurePattern
FNDA:3,(anonymous_14)
FNDA:1,(anonymous_15)
FNDA:1,(anonymous_16)
FNDA:2,(anonymous_17)
FNDA:1,compactSessionContext
FNDA:1,(anonymous_19)
FNDA:0,(anonymous_20)
FNDA:0,(anonymous_21)
FNDA:1,(anonymous_22)
FNDA:11,recordToolCallAndRunWatchdog
FNDA:11,(anonymous_24)
FNDA:1,setWatchdogThreshold
FNDA:1,(anonymous_26)
FNDA:2,resetSessionState
FNDA:2,(anonymous_28)
DA:64,29
DA:65,29
DA:66,29
DA:71,16
DA:75,12
DA:76,12
DA:83,12
DA:85,10
DA:86,10
DA:87,10
DA:91,12
DA:102,0
DA:107,12
DA:113,2
DA:114,2
DA:116,2
DA:117,0
DA:120,2
DA:121,2
DA:122,2
DA:132,2
DA:133,2
DA:135,2
DA:136,2
DA:137,1
DA:139,1
DA:140,1
DA:144,2
DA:146,0
DA:158,3
DA:159,3
DA:161,3
DA:162,0
DA:165,3
DA:166,3
DA:167,3
DA:169,3
DA:172,3
DA:173,3
DA:174,3
DA:175,3
DA:176,3
DA:180,3
DA:191,3
DA:192,3
DA:195,0
DA:200,108
DA:201,108
DA:202,0
DA:205,108
DA:206,108
DA:207,108
DA:217,108
DA:218,108
DA:219,108
DA:220,108
DA:221,108
DA:222,108
DA:223,108
DA:226,0
DA:231,1
DA:232,1
DA:233,0
DA:236,1
DA:237,1
DA:238,1
DA:239,1
DA:240,1
DA:241,1
DA:243,1
DA:244,0
DA:247,1
DA:248,1
DA:249,1
DA:250,1
DA:252,1
DA:259,1
DA:260,1
DA:263,0
DA:275,3
DA:276,3
DA:277,3
DA:278,3
DA:280,3
DA:281,0
DA:284,3
DA:285,3
DA:286,3
DA:288,3
DA:289,3
DA:290,3
DA:291,3
DA:292,3
DA:294,3
DA:301,3
DA:308,3
DA:309,1
DA:310,1
DA:311,1
DA:312,1
DA:313,1
DA:314,1
DA:317,2
DA:330,2
DA:331,2
DA:332,2
DA:333,2
DA:336,0
DA:341,1
DA:342,1
DA:343,1
DA:345,1
DA:346,1
DA:347,1
DA:348,1
DA:350,1
DA:354,1
DA:356,0
DA:358,1
DA:360,0
DA:362,1
DA:370,1
DA:371,0
DA:373,1
DA:374,1
DA:375,1
DA:376,1
DA:377,1
DA:378,1
DA:379,1
DA:380,0
DA:382,1
DA:386,1
DA:387,1
DA:388,1
DA:389,0
DA:391,1
DA:392,1
DA:393,1
DA:394,1
DA:398,1
DA:399,1
DA:400,0
DA:402,1
DA:403,1
DA:404,1
DA:405,1
DA:409,1
DA:410,1
DA:411,1
DA:413,0
DA:416,1
DA:417,1
DA:420,0
DA:425,11
DA:426,11
DA:427,11
DA:429,11
DA:430,11
DA:431,11
DA:432,11
DA:435,11
DA:437,11
DA:438,9
DA:439,9
DA:442,2
DA:451,2
DA:452,2
DA:453,2
DA:455,2
DA:456,2
DA:458,2
DA:461,0
DA:471,1
DA:472,1
DA:473,1
DA:474,1
DA:475,1
DA:476,1
DA:477,1
DA:478,1
DA:479,1
DA:482,0
DA:493,2
DA:494,2
DA:495,2
DA:496,2
DA:498,2
DA:499,2
DA:500,1
DA:501,1
DA:504,2
DA:505,2
DA:506,2
DA:507,2
DA:510,2
DA:511,2
DA:512,2
DA:513,2
DA:516,2
DA:517,2
DA:518,0
DA:519,0
DA:522,2
DA:523,2
DA:524,0
DA:525,0
DA:528,2
DA:529,0
DA:532,2
DA:535,0
LF:211
LH:183
BRDA:83,0,0,2
BRDA:83,0,1,10
BRDA:87,1,0,10
BRDA:87,1,1,0
BRDA:87,2,0,10
BRDA:87,2,1,10
BRDA:92,3,0,10
BRDA:92,3,1,0
BRDA:93,4,0,10
BRDA:93,4,1,0
BRDA:97,5,0,10
BRDA:97,5,1,0
BRDA:97,6,0,12
BRDA:97,6,1,10
BRDA:116,7,0,0
BRDA:116,7,1,2
BRDA:132,8,0,2
BRDA:132,8,1,0
BRDA:133,9,0,2
BRDA:133,9,1,0
BRDA:136,10,0,1
BRDA:136,10,1,1
BRDA:161,11,0,0
BRDA:161,11,1,3
BRDA:161,12,0,3
BRDA:161,12,1,3
BRDA:166,13,0,0
BRDA:166,13,1,3
BRDA:166,14,0,3
BRDA:166,14,1,3
BRDA:167,15,0,3
BRDA:167,15,1,1
BRDA:176,16,0,0
BRDA:176,16,1,3
BRDA:184,17,0,3
BRDA:184,17,1,1
BRDA:185,18,0,3
BRDA:185,18,1,1
BRDA:186,19,0,2
BRDA:186,19,1,1
BRDA:186,20,0,1
BRDA:186,20,1,1
BRDA:187,21,0,3
BRDA:187,21,1,3
BRDA:195,22,0,0
BRDA:195,22,1,0
BRDA:201,23,0,0
BRDA:201,23,1,108
BRDA:206,24,0,0
BRDA:206,24,1,108
BRDA:211,25,0,108
BRDA:211,25,1,106
BRDA:212,26,0,2
BRDA:212,26,1,106
BRDA:214,27,0,0
BRDA:214,27,1,108
BRDA:226,28,0,0
BRDA:226,28,1,0
BRDA:232,29,0,0
BRDA:232,29,1,1
BRDA:243,30,0,0
BRDA:243,30,1,1
BRDA:255,31,0,1
BRDA:255,31,1,0
BRDA:259,32,0,1
BRDA:259,32,1,0
BRDA:263,33,0,0
BRDA:263,33,1,0
BRDA:280,34,0,0
BRDA:280,34,1,3
BRDA:280,35,0,3
BRDA:280,35,1,3
BRDA:280,35,2,3
BRDA:280,35,3,3
BRDA:284,36,0,3
BRDA:284,36,1,0
BRDA:284,37,0,3
BRDA:284,37,1,2
BRDA:285,38,0,3
BRDA:285,38,1,0
BRDA:308,39,0,1
BRDA:308,39,1,2
BRDA:313,40,0,1
BRDA:313,40,1,0
BRDA:336,41,0,0
BRDA:336,41,1,0
BRDA:350,42,0,1
BRDA:350,42,1,0
BRDA:370,43,0,0
BRDA:370,43,1,1
BRDA:376,44,0,1
BRDA:376,44,1,0
BRDA:377,45,0,1
BRDA:377,45,1,0
BRDA:379,46,0,0
BRDA:379,46,1,1
BRDA:388,47,0,0
BRDA:388,47,1,1
BRDA:393,48,0,1
BRDA:393,48,1,0
BRDA:394,49,0,1
BRDA:394,49,1,0
BRDA:399,50,0,0
BRDA:399,50,1,1
BRDA:410,51,0,1
BRDA:410,51,1,0
BRDA:420,52,0,0
BRDA:420,52,1,0
BRDA:437,53,0,9
BRDA:437,53,1,2
BRDA:482,54,0,0
BRDA:482,54,1,0
BRDA:499,55,0,1
BRDA:499,55,1,1
BRDA:505,56,0,2
BRDA:505,56,1,0
BRDA:511,57,0,2
BRDA:511,57,1,0
BRDA:517,58,0,0
BRDA:517,58,1,2
BRDA:523,59,0,0
BRDA:523,59,1,2
BRDA:528,60,0,0
BRDA:528,60,1,2
BRDA:535,61,0,0
BRDA:535,61,1,0
BRF:126
BRH:76
end_of_record
TN:
SF:src\mcp-server\shared.ts
FN:13,readAiOsFile
FN:23,getMemoryFilePath
FN:27,getMemoryDirPath
FN:31,getMemoryLockFilePath
FN:35,getSessionMemoryDirPath
FN:39,getSessionLockFilePath
FN:43,getActivePlanPath
FN:47,getCheckpointLogPath
FN:51,getFailureLedgerPath
FN:55,getCompactContextPath
FN:59,getRuntimeStatePath
FN:65,ensureMemoryStore
FN:76,ensureSessionMemoryStore
FN:94,writeTextAtomic
FN:100,readJsonlFile
FN:102,(anonymous_15)
FN:114,sleepSync
FN:120,trimJsonlFileToCap
FN:140,_releaseLockOnExit
FN:160,_releaseSessionLockOnExit
FN:169,withSessionLock
FN:211,withMemoryLock
FNF:22
FNH:19
FNDA:1,readAiOsFile
FNDA:329,getMemoryFilePath
FNDA:1381,getMemoryDirPath
FNDA:13,getMemoryLockFilePath
FNDA:1073,getSessionMemoryDirPath
FNDA:130,getSessionLockFilePath
FNDA:8,getActivePlanPath
FNDA:376,getCheckpointLogPath
FNDA:268,getFailureLedgerPath
FNDA:3,getCompactContextPath
FNDA:26,getRuntimeStatePath
FNDA:295,ensureMemoryStore
FNDA:262,ensureSessionMemoryStore
FNDA:43,writeTextAtomic
FNDA:6,readJsonlFile
FNDA:10,(anonymous_15)
FNDA:0,sleepSync
FNDA:112,trimJsonlFileToCap
FNDA:0,_releaseLockOnExit
FNDA:0,_releaseSessionLockOnExit
FNDA:130,withSessionLock
FNDA:13,withMemoryLock
DA:11,40
DA:14,1
DA:15,1
DA:17,0
DA:24,329
DA:28,1381
DA:32,13
DA:36,1073
DA:40,130
DA:44,8
DA:48,376
DA:52,268
DA:56,3
DA:60,26
DA:66,295
DA:67,295
DA:68,0
DA:70,295
DA:71,295
DA:72,0
DA:77,262
DA:78,262
DA:79,262
DA:80,9
DA:82,262
DA:83,262
DA:84,9
DA:86,262
DA:87,262
DA:88,9
DA:95,43
DA:96,43
DA:97,43
DA:101,6
DA:102,10
DA:103,6
DA:104,6
DA:105,4
DA:106,4
DA:111,6
DA:115,0
DA:116,0
DA:117,0
DA:121,112
DA:122,112
DA:123,112
DA:124,5
DA:129,40
DA:130,40
DA:131,40
DA:132,40
DA:133,40
DA:138,40
DA:141,0
DA:142,0
DA:143,0
DA:147,0
DA:152,40
DA:158,40
DA:161,0
DA:162,0
DA:163,0
DA:167,40
DA:170,130
DA:171,130
DA:172,130
DA:173,130
DA:175,130
DA:176,130
DA:177,130
DA:178,130
DA:180,0
DA:182,0
DA:183,0
DA:184,0
DA:185,0
DA:186,0
DA:190,0
DA:194,130
DA:197,0
DA:200,130
DA:202,130
DA:203,130
DA:205,130
DA:206,130
DA:207,130
DA:212,13
DA:213,13
DA:214,13
DA:215,13
DA:217,13
DA:218,14
DA:219,14
DA:220,14
DA:222,1
DA:223,0
DA:227,1
DA:228,1
DA:229,1
DA:230,1
DA:231,1
DA:237,0
DA:241,13
DA:242,0
DA:245,13
DA:247,13
DA:248,13
DA:250,13
DA:252,13
DA:253,13
DA:258,13
DA:259,13
LF:112
LH:88
BRDA:11,0,0,40
BRDA:11,0,1,2
BRDA:67,1,0,0
BRDA:67,1,1,295
BRDA:71,2,0,0
BRDA:71,2,1,295
BRDA:79,3,0,9
BRDA:79,3,1,253
BRDA:83,4,0,9
BRDA:83,4,1,253
BRDA:87,5,0,9
BRDA:87,5,1,253
BRDA:101,6,0,0
BRDA:101,6,1,6
BRDA:121,7,0,0
BRDA:121,7,1,112
BRDA:123,8,0,107
BRDA:123,8,1,5
BRDA:141,9,0,0
BRDA:141,9,1,0
BRDA:161,10,0,0
BRDA:161,10,1,0
BRDA:180,11,0,0
BRDA:180,11,1,0
BRDA:184,12,0,0
BRDA:184,12,1,0
BRDA:194,13,0,0
BRDA:194,13,1,130
BRDA:222,14,0,0
BRDA:222,14,1,1
BRDA:229,15,0,1
BRDA:229,15,1,0
BRDA:241,16,0,0
BRDA:241,16,1,13
BRF:34
BRH:18
end_of_record
TN:
SF:src\mcp-server\tool-definitions.ts
FN:18,isMcpToolDefinition
FN:33,getAllMcpTools
FN:34,(anonymous_2)
FN:47,getActiveToolsForProject
FN:64,(anonymous_4)
FN:69,(anonymous_5)
FN:79,(anonymous_6)
FN:84,(anonymous_7)
FNF:8
FNH:8
FNDA:12,isMcpToolDefinition
FNDA:3,getAllMcpTools
FNDA:111,(anonymous_2)
FNDA:3,getActiveToolsForProject
FNDA:1,(anonymous_4)
FNDA:1,(anonymous_5)
FNDA:2,(anonymous_6)
FNDA:2,(anonymous_7)
DA:19,12
DA:20,10
DA:21,10
DA:34,111
DA:48,3
DA:49,3
DA:50,1
DA:54,2
DA:55,2
DA:57,0
DA:61,2
DA:62,1
DA:63,1
DA:64,1
DA:65,1
DA:66,0
DA:67,0
DA:69,1
DA:78,1
DA:79,1
DA:80,2
DA:81,0
DA:82,0
DA:84,2
DA:91,0
LF:25
LH:19
BRDA:19,0,0,2
BRDA:19,0,1,10
BRDA:19,1,0,12
BRDA:19,1,1,11
BRDA:22,2,0,10
BRDA:22,2,1,9
BRDA:22,2,2,8
BRDA:22,2,3,7
BRDA:22,2,4,6
BRDA:22,2,5,6
BRDA:49,3,0,1
BRDA:49,3,1,2
BRDA:61,4,0,1
BRDA:61,4,1,1
BRDA:61,5,0,2
BRDA:61,5,1,2
BRDA:61,5,2,2
BRDA:63,6,0,1
BRDA:63,6,1,0
BRDA:65,7,0,1
BRDA:65,7,1,0
BRDA:78,8,0,1
BRDA:78,8,1,0
BRDA:80,9,0,2
BRDA:80,9,1,0
BRF:25
BRH:21
end_of_record
TN:
SF:src\mcp-server\utils.ts
FN:16,getProjectRoot
FN:22,getSessionContext
FN:69,checkForUpdates
FN:100,(anonymous_3)
FNF:4
FNH:0
FNDA:0,getProjectRoot
FNDA:0,getSessionContext
FNDA:0,checkForUpdates
FNDA:0,(anonymous_3)
DA:14,28
DA:17,0
DA:23,0
DA:46,0
DA:47,0
DA:48,0
DA:51,0
DA:59,0
DA:60,0
DA:61,0
DA:62,0
DA:64,0
DA:65,0
DA:66,0
DA:70,0
DA:71,0
DA:72,0
DA:73,0
DA:74,0
DA:77,0
DA:78,0
DA:79,0
DA:80,0
DA:84,0
DA:85,0
DA:87,0
DA:90,0
DA:91,0
DA:92,0
DA:95,0
DA:98,0
DA:100,0
DA:101,0
DA:102,0
DA:104,0
DA:108,0
DA:109,0
DA:124,0
LF:38
LH:1
BRDA:47,0,0,0
BRDA:47,0,1,0
BRDA:60,1,0,0
BRDA:60,1,1,0
BRDA:72,2,0,0
BRDA:72,2,1,0
BRDA:73,3,0,0
BRDA:73,3,1,0
BRDA:84,4,0,0
BRDA:84,4,1,0
BRDA:85,5,0,0
BRDA:85,5,1,0
BRDA:95,6,0,0
BRDA:95,6,1,0
BRDA:101,7,0,0
BRDA:101,8,0,0
BRDA:101,9,0,0
BRDA:102,10,0,0
BRDA:102,11,0,0
BRDA:102,12,0,0
BRDA:104,13,0,0
BRDA:104,13,1,0
BRDA:104,13,2,0
BRDA:104,13,3,0
BRDA:104,13,4,0
BRDA:104,13,5,0
BRDA:108,14,0,0
BRDA:108,14,1,0
BRF:28
BRH:0
end_of_record
TN:
SF:src\recommendations\cli-compat.ts
FN:32,detectSkillsCliMode
FN:62,buildSkillsInstallCommand
FN:78,isLegacySkillCommand
FNF:3
FNH:2
FNDA:0,detectSkillsCliMode
FNDA:133,buildSkillsInstallCommand
FNDA:7,isLegacySkillCommand
DA:33,0
DA:34,0
DA:35,0
DA:36,0
DA:40,0
DA:41,0
DA:43,0
DA:46,0
DA:66,133
DA:67,130
DA:68,130
DA:71,3
DA:79,7
LF:13
LH:5
BRDA:33,0,0,0
BRDA:33,0,1,0
BRDA:36,1,0,0
BRDA:36,1,1,0
BRDA:36,2,0,0
BRDA:36,2,1,0
BRDA:40,3,0,0
BRDA:40,3,1,0
BRDA:64,4,0,133
BRDA:66,5,0,130
BRDA:66,5,1,3
BRDA:67,6,0,128
BRDA:67,6,1,2
BRF:13
BRH:5
end_of_record
TN:
SF:src\recommendations\index.ts
FN:25,collectRecommendations
FN:32,applyRec
FN:59,(anonymous_2)
FN:90,generateRecommendationsDoc
FN:171,(anonymous_4)
FN:174,(anonymous_5)
FN:203,(anonymous_6)
FN:219,(anonymous_7)
FN:221,(anonymous_8)
FN:221,(anonymous_9)
FN:225,(anonymous_10)
FN:241,(anonymous_11)
FN:244,(anonymous_12)
FN:256,getSkillsGapReport
FN:260,(anonymous_14)
FN:261,(anonymous_15)
FN:279,(anonymous_16)
FN:280,(anonymous_17)
FN:281,(anonymous_18)
FN:286,(anonymous_19)
FN:287,(anonymous_20)
FN:287,(anonymous_21)
FN:291,generateRecommendations
FN:300,buildRecommendationsText
FNF:24
FNH:12
FNDA:40,collectRecommendations
FNDA:144,applyRec
FNDA:0,(anonymous_2)
FNDA:8,generateRecommendationsDoc
FNDA:9,(anonymous_4)
FNDA:3,(anonymous_5)
FNDA:125,(anonymous_6)
FNDA:8,(anonymous_7)
FNDA:125,(anonymous_8)
FNDA:112,(anonymous_9)
FNDA:125,(anonymous_10)
FNDA:13,(anonymous_11)
FNDA:0,(anonymous_12)
FNDA:0,getSkillsGapReport
FNDA:0,(anonymous_14)
FNDA:0,(anonymous_15)
FNDA:0,(anonymous_16)
FNDA:0,(anonymous_17)
FNDA:0,(anonymous_18)
FNDA:0,(anonymous_19)
FNDA:0,(anonymous_20)
FNDA:0,(anonymous_21)
FNDA:0,generateRecommendations
FNDA:8,buildRecommendationsText
DA:26,40
DA:27,40
DA:28,40
DA:29,40
DA:30,40
DA:33,144
DA:34,6
DA:35,6
DA:37,144
DA:38,72
DA:39,69
DA:40,69
DA:43,144
DA:44,696
DA:45,674
DA:46,674
DA:47,627
DA:48,627
DA:50,47
DA:51,47
DA:55,144
DA:56,0
DA:57,0
DA:59,144
DA:60,40
DA:65,40
DA:66,21
DA:67,21
DA:71,40
DA:72,5
DA:73,5
DA:77,40
DA:78,40
DA:79,40
DA:83,40
DA:84,80
DA:87,40
DA:91,8
DA:98,8
DA:99,8
DA:100,8
DA:101,8
DA:102,8
DA:103,8
DA:104,8
DA:105,8
DA:106,8
DA:107,8
DA:108,8
DA:109,8
DA:110,8
DA:111,8
DA:113,8
DA:114,0
DA:115,0
DA:116,0
DA:117,0
DA:118,0
DA:119,0
DA:120,0
DA:121,0
DA:122,0
DA:123,0
DA:124,0
DA:125,0
DA:126,0
DA:127,0
DA:128,0
DA:129,0
DA:130,0
DA:131,0
DA:132,0
DA:133,0
DA:134,0
DA:135,0
DA:136,0
DA:137,0
DA:138,0
DA:142,8
DA:143,8
DA:144,8
DA:145,14
DA:147,8
DA:148,8
DA:149,8
DA:150,8
DA:151,14
DA:153,8
DA:154,8
DA:158,8
DA:159,3
DA:160,3
DA:161,9
DA:163,3
DA:164,3
DA:165,3
DA:166,3
DA:167,9
DA:168,9
DA:170,3
DA:171,9
DA:172,3
DA:173,3
DA:174,3
DA:176,3
DA:179,8
DA:180,0
DA:181,0
DA:182,0
DA:184,0
DA:188,8
DA:189,8
DA:190,8
DA:191,8
DA:192,8
DA:193,8
DA:194,8
DA:195,40
DA:196,40
DA:197,40
DA:199,8
DA:200,8
DA:202,8
DA:203,125
DA:205,8
DA:206,8
DA:207,8
DA:208,8
DA:209,112
DA:211,8
DA:212,8
DA:218,8
DA:220,8
DA:221,125
DA:225,125
DA:227,8
DA:228,8
DA:229,8
DA:230,8
DA:231,8
DA:232,13
DA:234,8
DA:235,8
DA:236,8
DA:237,8
DA:238,13
DA:240,8
DA:241,13
DA:242,8
DA:243,0
DA:244,0
DA:246,8
DA:249,8
DA:250,8
DA:252,8
DA:257,0
DA:259,0
DA:260,0
DA:261,0
DA:264,0
DA:265,0
DA:266,0
DA:270,0
DA:271,0
DA:272,0
DA:273,0
DA:279,0
DA:280,0
DA:281,0
DA:282,0
DA:284,0
DA:286,0
DA:287,0
DA:292,0
DA:293,0
DA:294,0
DA:295,0
DA:296,0
DA:301,8
DA:302,8
LF:180
LH:124
BRDA:32,0,0,144
BRDA:33,1,0,6
BRDA:33,1,1,138
BRDA:33,2,0,144
BRDA:33,2,1,7
BRDA:37,3,0,144
BRDA:37,3,1,82
BRDA:38,4,0,69
BRDA:38,4,1,3
BRDA:43,5,0,144
BRDA:43,5,1,40
BRDA:44,6,0,674
BRDA:44,6,1,22
BRDA:46,7,0,627
BRDA:46,7,1,47
BRDA:55,8,0,0
BRDA:55,8,1,144
BRDA:55,9,0,144
BRDA:55,9,1,0
BRDA:59,10,0,40
BRDA:59,10,1,104
BRDA:59,11,0,144
BRDA:59,11,1,40
BRDA:67,12,0,19
BRDA:67,12,1,2
BRDA:73,13,0,5
BRDA:73,13,1,0
BRDA:79,14,0,40
BRDA:79,14,1,0
BRDA:113,15,0,0
BRDA:113,15,1,8
BRDA:142,16,0,8
BRDA:142,16,1,0
BRDA:158,17,0,3
BRDA:158,17,1,5
BRDA:167,18,0,6
BRDA:167,18,1,3
BRDA:172,19,0,3
BRDA:172,19,1,0
BRDA:179,20,0,0
BRDA:179,20,1,8
BRDA:188,21,0,8
BRDA:188,21,1,0
BRDA:202,22,0,8
BRDA:202,22,1,0
BRDA:205,23,0,8
BRDA:205,23,1,0
BRDA:220,24,0,8
BRDA:220,24,1,0
BRDA:227,25,0,8
BRDA:227,25,1,0
BRDA:242,26,0,0
BRDA:242,26,1,8
BRDA:270,27,0,0
BRDA:270,27,1,0
BRDA:272,28,0,0
BRDA:272,28,1,0
BRDA:272,29,0,0
BRDA:272,29,1,0
BRDA:284,30,0,0
BRDA:284,30,1,0
BRF:61
BRH:39
end_of_record
TN:
SF:src\recommendations\registry.ts
FNF:0
FNH:0
DA:38,3
DA:138,3
DA:219,3
DA:255,3
LF:4
LH:4
BRF:0
BRH:0
end_of_record
